{"/home/travis/build/npmtest/node-npmtest-combokeys/test.js":{"path":"/home/travis/build/npmtest/node-npmtest-combokeys/test.js","s":{"1":2,"2":2,"3":2,"4":2,"5":2,"6":2,"7":2,"8":1,"9":2,"10":2,"11":1,"12":1,"13":1,"14":1,"15":2,"16":2,"17":2,"18":2,"19":1,"20":1,"21":2,"22":2,"23":2,"24":1,"25":1,"26":1,"27":1,"28":1,"29":1,"30":1,"31":1,"32":1,"33":1,"34":1,"35":1,"36":1,"37":1,"38":1,"39":2,"40":2,"41":1,"42":2,"43":2,"44":1,"45":2,"46":2,"47":1,"48":2,"49":2,"50":1,"51":1,"52":1,"53":1,"54":1},"b":{"1":[2,1,1,1],"2":[1,1,1,1],"3":[1,1],"4":[1,1],"5":[1,1],"6":[1,1],"7":[1,1],"8":[1,1],"9":[1,1],"10":[1,1,1],"11":[1,1],"12":[1,1],"13":[1,1],"14":[1,1],"15":[1,1],"16":[1,1],"17":[1,1]},"f":{"1":2,"2":2,"3":2,"4":2,"5":2,"6":1,"7":1,"8":1,"9":2,"10":2,"11":2,"12":2,"13":1},"fnMap":{"1":{"name":"(anonymous_1)","line":12,"loc":{"start":{"line":12,"column":1},"end":{"line":12,"column":13}}},"2":{"name":"(anonymous_2)","line":19,"loc":{"start":{"line":19,"column":5},"end":{"line":19,"column":17}}},"3":{"name":"(anonymous_3)","line":23,"loc":{"start":{"line":23,"column":24},"end":{"line":23,"column":36}}},"4":{"name":"(anonymous_4)","line":61,"loc":{"start":{"line":61,"column":5},"end":{"line":61,"column":17}}},"5":{"name":"(anonymous_5)","line":82,"loc":{"start":{"line":82,"column":5},"end":{"line":82,"column":17}}},"6":{"name":"(anonymous_6)","line":91,"loc":{"start":{"line":91,"column":77},"end":{"line":94,"column":10}}},"7":{"name":"(anonymous_7)","line":112,"loc":{"start":{"line":112,"column":83},"end":{"line":115,"column":10}},"skip":true},"8":{"name":"(anonymous_8)","line":123,"loc":{"start":{"line":123,"column":77},"end":{"line":126,"column":10}},"skip":true},"9":{"name":"(anonymous_9)","line":139,"loc":{"start":{"line":139,"column":12},"end":{"line":139,"column":40}},"skip":true},"10":{"name":"(anonymous_10)","line":147,"loc":{"start":{"line":147,"column":77},"end":{"line":150,"column":10}},"skip":true},"11":{"name":"(anonymous_11)","line":158,"loc":{"start":{"line":158,"column":83},"end":{"line":161,"column":10}},"skip":true},"12":{"name":"(anonymous_12)","line":169,"loc":{"start":{"line":169,"column":79},"end":{"line":172,"column":10}},"skip":true},"13":{"name":"(anonymous_13)","line":180,"loc":{"start":{"line":180,"column":75},"end":{"line":183,"column":10}},"skip":true}},"statementMap":{"1":{"start":{"line":12,"column":0},"end":{"line":195,"column":5}},"2":{"start":{"line":14,"column":4},"end":{"line":14,"column":14}},"3":{"start":{"line":19,"column":4},"end":{"line":56,"column":9}},"4":{"start":{"line":21,"column":8},"end":{"line":21,"column":19}},"5":{"start":{"line":23,"column":8},"end":{"line":35,"column":13}},"6":{"start":{"line":24,"column":12},"end":{"line":34,"column":13}},"7":{"start":{"line":25,"column":16},"end":{"line":28,"column":30}},"8":{"start":{"line":30,"column":16},"end":{"line":33,"column":27}},"9":{"start":{"line":37,"column":8},"end":{"line":39,"column":21}},"10":{"start":{"line":40,"column":8},"end":{"line":53,"column":9}},"11":{"start":{"line":43,"column":12},"end":{"line":46,"column":14}},"12":{"start":{"line":47,"column":12},"end":{"line":47,"column":18}},"13":{"start":{"line":50,"column":12},"end":{"line":51,"column":33}},"14":{"start":{"line":52,"column":12},"end":{"line":52,"column":18}},"15":{"start":{"line":55,"column":8},"end":{"line":55,"column":35}},"16":{"start":{"line":61,"column":4},"end":{"line":63,"column":9}},"17":{"start":{"line":62,"column":8},"end":{"line":62,"column":15}},"18":{"start":{"line":64,"column":4},"end":{"line":77,"column":5}},"19":{"start":{"line":70,"column":8},"end":{"line":70,"column":14}},"20":{"start":{"line":76,"column":8},"end":{"line":76,"column":14}},"21":{"start":{"line":82,"column":4},"end":{"line":84,"column":9}},"22":{"start":{"line":83,"column":8},"end":{"line":83,"column":15}},"23":{"start":{"line":85,"column":4},"end":{"line":194,"column":5}},"24":{"start":{"line":91,"column":8},"end":{"line":99,"column":10}},"25":{"start":{"line":98,"column":12},"end":{"line":98,"column":35}},"26":{"start":{"line":102,"column":8},"end":{"line":104,"column":63}},"27":{"start":{"line":105,"column":8},"end":{"line":105,"column":14}},"28":{"start":{"line":112,"column":8},"end":{"line":121,"column":10},"skip":true},"29":{"start":{"line":119,"column":12},"end":{"line":119,"column":55},"skip":true},"30":{"start":{"line":120,"column":12},"end":{"line":120,"column":48},"skip":true},"31":{"start":{"line":123,"column":8},"end":{"line":136,"column":10},"skip":true},"32":{"start":{"line":130,"column":12},"end":{"line":130,"column":76},"skip":true},"33":{"start":{"line":131,"column":12},"end":{"line":131,"column":73},"skip":true},"34":{"start":{"line":132,"column":12},"end":{"line":132,"column":74},"skip":true},"35":{"start":{"line":133,"column":12},"end":{"line":133,"column":79},"skip":true},"36":{"start":{"line":134,"column":12},"end":{"line":134,"column":25},"skip":true},"37":{"start":{"line":135,"column":12},"end":{"line":135,"column":45},"skip":true},"38":{"start":{"line":138,"column":8},"end":{"line":145,"column":14},"skip":true},"39":{"start":{"line":143,"column":16},"end":{"line":143,"column":29},"skip":true},"40":{"start":{"line":144,"column":16},"end":{"line":144,"column":55},"skip":true},"41":{"start":{"line":147,"column":8},"end":{"line":156,"column":10},"skip":true},"42":{"start":{"line":154,"column":12},"end":{"line":154,"column":25},"skip":true},"43":{"start":{"line":155,"column":12},"end":{"line":155,"column":45},"skip":true},"44":{"start":{"line":158,"column":8},"end":{"line":167,"column":10},"skip":true},"45":{"start":{"line":165,"column":12},"end":{"line":165,"column":25},"skip":true},"46":{"start":{"line":166,"column":12},"end":{"line":166,"column":48},"skip":true},"47":{"start":{"line":169,"column":8},"end":{"line":178,"column":10},"skip":true},"48":{"start":{"line":176,"column":12},"end":{"line":176,"column":25},"skip":true},"49":{"start":{"line":177,"column":12},"end":{"line":177,"column":46},"skip":true},"50":{"start":{"line":180,"column":8},"end":{"line":189,"column":10},"skip":true},"51":{"start":{"line":187,"column":12},"end":{"line":187,"column":94},"skip":true},"52":{"start":{"line":188,"column":12},"end":{"line":188,"column":48},"skip":true},"53":{"start":{"line":192,"column":8},"end":{"line":192,"column":35},"skip":true},"54":{"start":{"line":193,"column":8},"end":{"line":193,"column":14},"skip":true}},"branchMap":{"1":{"line":25,"type":"binary-expr","locations":[{"start":{"line":25,"column":23},"end":{"line":25,"column":62}},{"start":{"line":26,"column":20},"end":{"line":26,"column":70}},{"start":{"line":27,"column":20},"end":{"line":27,"column":71}},{"start":{"line":28,"column":20},"end":{"line":28,"column":29}}]},"2":{"line":30,"type":"binary-expr","locations":[{"start":{"line":30,"column":23},"end":{"line":30,"column":37}},{"start":{"line":31,"column":20},"end":{"line":31,"column":61}},{"start":{"line":32,"column":20},"end":{"line":32,"column":70}},{"start":{"line":33,"column":20},"end":{"line":33,"column":26}}]},"3":{"line":37,"type":"cond-expr","locations":[{"start":{"line":38,"column":14},"end":{"line":38,"column":20}},{"start":{"line":39,"column":14},"end":{"line":39,"column":20}}]},"4":{"line":40,"type":"switch","locations":[{"start":{"line":42,"column":8},"end":{"line":47,"column":18}},{"start":{"line":49,"column":8},"end":{"line":52,"column":18}}]},"5":{"line":44,"type":"binary-expr","locations":[{"start":{"line":44,"column":16},"end":{"line":44,"column":44}},{"start":{"line":44,"column":48},"end":{"line":44,"column":66}}]},"6":{"line":50,"type":"binary-expr","locations":[{"start":{"line":50,"column":21},"end":{"line":50,"column":49}},{"start":{"line":50,"column":53},"end":{"line":50,"column":72}}]},"7":{"line":64,"type":"switch","locations":[{"start":{"line":69,"column":4},"end":{"line":70,"column":14}},{"start":{"line":75,"column":4},"end":{"line":76,"column":14}}]},"8":{"line":85,"type":"switch","locations":[{"start":{"line":90,"column":4},"end":{"line":105,"column":14}},{"start":{"line":111,"column":4},"end":{"line":193,"column":14},"skip":true}]},"9":{"line":91,"type":"binary-expr","locations":[{"start":{"line":91,"column":42},"end":{"line":91,"column":73}},{"start":{"line":91,"column":77},"end":{"line":99,"column":9}}]},"10":{"line":102,"type":"binary-expr","locations":[{"start":{"line":102,"column":18},"end":{"line":102,"column":32}},{"start":{"line":103,"column":12},"end":{"line":103,"column":53}},{"start":{"line":104,"column":12},"end":{"line":104,"column":61}}]},"11":{"line":112,"type":"binary-expr","locations":[{"start":{"line":112,"column":45},"end":{"line":112,"column":79},"skip":true},{"start":{"line":112,"column":83},"end":{"line":121,"column":9},"skip":true}]},"12":{"line":123,"type":"binary-expr","locations":[{"start":{"line":123,"column":42},"end":{"line":123,"column":73},"skip":true},{"start":{"line":123,"column":77},"end":{"line":136,"column":9},"skip":true}]},"13":{"line":138,"type":"binary-expr","locations":[{"start":{"line":138,"column":48},"end":{"line":138,"column":85},"skip":true},{"start":{"line":139,"column":12},"end":{"line":145,"column":13},"skip":true}]},"14":{"line":147,"type":"binary-expr","locations":[{"start":{"line":147,"column":42},"end":{"line":147,"column":73},"skip":true},{"start":{"line":147,"column":77},"end":{"line":156,"column":9},"skip":true}]},"15":{"line":158,"type":"binary-expr","locations":[{"start":{"line":158,"column":45},"end":{"line":158,"column":79},"skip":true},{"start":{"line":158,"column":83},"end":{"line":167,"column":9},"skip":true}]},"16":{"line":169,"type":"binary-expr","locations":[{"start":{"line":169,"column":43},"end":{"line":169,"column":75},"skip":true},{"start":{"line":169,"column":79},"end":{"line":178,"column":9},"skip":true}]},"17":{"line":180,"type":"binary-expr","locations":[{"start":{"line":180,"column":41},"end":{"line":180,"column":71},"skip":true},{"start":{"line":180,"column":75},"end":{"line":189,"column":9},"skip":true}]}},"code":["/* istanbul instrument in package npmtest_combokeys */","/*jslint","    bitwise: true,","    browser: true,","    maxerr: 8,","    maxlen: 96,","    node: true,","    nomen: true,","    regexp: true,","    stupid: true","*/","(function () {","    'use strict';","    var local;","","","","    // run shared js-env code - pre-init","    (function () {","        // init local","        local = {};","        // init modeJs","        local.modeJs = (function () {","            try {","                return typeof navigator.userAgent === 'string' &&","                    typeof document.querySelector('body') === 'object' &&","                    typeof XMLHttpRequest.prototype.open === 'function' &&","                    'browser';","            } catch (errorCaughtBrowser) {","                return module.exports &&","                    typeof process.versions.node === 'string' &&","                    typeof require('http').createServer === 'function' &&","                    'node';","            }","        }());","        // init global","        local.global = local.modeJs === 'browser'","            ? window","            : global;","        switch (local.modeJs) {","        // re-init local from window.local","        case 'browser':","            local = local.global.utility2.objectSetDefault(","                local.global.utility2_rollup || local.global.local,","                local.global.utility2","            );","            break;","        // re-init local from example.js","        case 'node':","            local = (local.global.utility2_rollup || require('utility2'))","                .requireReadme();","            break;","        }","        // export local","        local.global.local = local;","    }());","","","","    // run shared js-env code - function","    (function () {","        return;","    }());","    switch (local.modeJs) {","","","","    // run browser js-env code - function","    case 'browser':","        break;","","","","    // run node js-env code - function","    case 'node':","        break;","    }","","","","    // run shared js-env code - post-init","    (function () {","        return;","    }());","    switch (local.modeJs) {","","","","    // run browser js-env code - post-init","    case 'browser':","        local.testCase_browser_nullCase = local.testCase_browser_nullCase || function (","            options,","            onError","        ) {","        /*","         * this function will test browsers's null-case handling-behavior-behavior","         */","            onError(null, options);","        };","","        // run tests","        local.nop(local.modeTest &&","            document.querySelector('#testRunButton1') &&","            document.querySelector('#testRunButton1').click());","        break;","","","","    // run node js-env code - post-init","    /* istanbul ignore next */","    case 'node':","        local.testCase_buildApidoc_default = local.testCase_buildApidoc_default || function (","            options,","            onError","        ) {","        /*","         * this function will test buildApidoc's default handling-behavior-behavior","         */","            options = { modulePathList: module.paths };","            local.buildApidoc(options, onError);","        };","","        local.testCase_buildApp_default = local.testCase_buildApp_default || function (","            options,","            onError","        ) {","        /*","         * this function will test buildApp's default handling-behavior-behavior","         */","            local.testCase_buildReadme_default(options, local.onErrorThrow);","            local.testCase_buildLib_default(options, local.onErrorThrow);","            local.testCase_buildTest_default(options, local.onErrorThrow);","            local.testCase_buildCustomOrg_default(options, local.onErrorThrow);","            options = [];","            local.buildApp(options, onError);","        };","","        local.testCase_buildCustomOrg_default = local.testCase_buildCustomOrg_default ||","            function (options, onError) {","            /*","             * this function will test buildCustomOrg's default handling-behavior","             */","                options = {};","                local.buildCustomOrg(options, onError);","            };","","        local.testCase_buildLib_default = local.testCase_buildLib_default || function (","            options,","            onError","        ) {","        /*","         * this function will test buildLib's default handling-behavior","         */","            options = {};","            local.buildLib(options, onError);","        };","","        local.testCase_buildReadme_default = local.testCase_buildReadme_default || function (","            options,","            onError","        ) {","        /*","         * this function will test buildReadme's default handling-behavior-behavior","         */","            options = {};","            local.buildReadme(options, onError);","        };","","        local.testCase_buildTest_default = local.testCase_buildTest_default || function (","            options,","            onError","        ) {","        /*","         * this function will test buildTest's default handling-behavior","         */","            options = {};","            local.buildTest(options, onError);","        };","","        local.testCase_webpage_default = local.testCase_webpage_default || function (","            options,","            onError","        ) {","        /*","         * this function will test webpage's default handling-behavior","         */","            options = { modeCoverageMerge: true, url: local.serverLocalHost + '?modeTest=1' };","            local.browserTest(options, onError);","        };","","        // run test-server","        local.testRunServer(local);","        break;","    }","}());",""],"l":{"12":2,"14":2,"19":2,"21":2,"23":2,"24":2,"25":2,"30":1,"37":2,"40":2,"43":1,"47":1,"50":1,"52":1,"55":2,"61":2,"62":2,"64":2,"70":1,"76":1,"82":2,"83":2,"85":2,"91":1,"98":1,"102":1,"105":1,"112":1,"119":1,"120":1,"123":1,"130":1,"131":1,"132":1,"133":1,"134":1,"135":1,"138":1,"143":2,"144":2,"147":1,"154":2,"155":2,"158":1,"165":2,"166":2,"169":1,"176":2,"177":2,"180":1,"187":1,"188":1,"192":1,"193":1}},"/home/travis/build/npmtest/node-npmtest-combokeys/lib.npmtest_combokeys.js":{"path":"/home/travis/build/npmtest/node-npmtest-combokeys/lib.npmtest_combokeys.js","s":{"1":2,"2":2,"3":2,"4":2,"5":2,"6":2,"7":2,"8":1,"9":2,"10":2,"11":2,"12":2,"13":1,"14":1,"15":1,"16":1},"b":{"1":[2,1,1,1],"2":[1,1,1,1],"3":[1,1],"4":[2,2],"5":[1,1]},"f":{"1":2,"2":2,"3":2},"fnMap":{"1":{"name":"(anonymous_1)","line":12,"loc":{"start":{"line":12,"column":1},"end":{"line":12,"column":13}}},"2":{"name":"(anonymous_2)","line":19,"loc":{"start":{"line":19,"column":5},"end":{"line":19,"column":17}}},"3":{"name":"(anonymous_3)","line":23,"loc":{"start":{"line":23,"column":24},"end":{"line":23,"column":36}}}},"statementMap":{"1":{"start":{"line":12,"column":0},"end":{"line":53,"column":5}},"2":{"start":{"line":14,"column":4},"end":{"line":14,"column":14}},"3":{"start":{"line":19,"column":4},"end":{"line":52,"column":9}},"4":{"start":{"line":21,"column":8},"end":{"line":21,"column":19}},"5":{"start":{"line":23,"column":8},"end":{"line":35,"column":13}},"6":{"start":{"line":24,"column":12},"end":{"line":34,"column":13}},"7":{"start":{"line":25,"column":16},"end":{"line":28,"column":30}},"8":{"start":{"line":30,"column":16},"end":{"line":33,"column":27}},"9":{"start":{"line":37,"column":8},"end":{"line":39,"column":21}},"10":{"start":{"line":41,"column":8},"end":{"line":41,"column":54}},"11":{"start":{"line":43,"column":8},"end":{"line":43,"column":54}},"12":{"start":{"line":45,"column":8},"end":{"line":51,"column":9}},"13":{"start":{"line":46,"column":12},"end":{"line":46,"column":60}},"14":{"start":{"line":48,"column":12},"end":{"line":48,"column":35}},"15":{"start":{"line":49,"column":12},"end":{"line":49,"column":49}},"16":{"start":{"line":50,"column":12},"end":{"line":50,"column":43}}},"branchMap":{"1":{"line":25,"type":"binary-expr","locations":[{"start":{"line":25,"column":23},"end":{"line":25,"column":62}},{"start":{"line":26,"column":20},"end":{"line":26,"column":70}},{"start":{"line":27,"column":20},"end":{"line":27,"column":71}},{"start":{"line":28,"column":20},"end":{"line":28,"column":29}}]},"2":{"line":30,"type":"binary-expr","locations":[{"start":{"line":30,"column":23},"end":{"line":30,"column":37}},{"start":{"line":31,"column":20},"end":{"line":31,"column":61}},{"start":{"line":32,"column":20},"end":{"line":32,"column":70}},{"start":{"line":33,"column":20},"end":{"line":33,"column":26}}]},"3":{"line":37,"type":"cond-expr","locations":[{"start":{"line":38,"column":14},"end":{"line":38,"column":20}},{"start":{"line":39,"column":14},"end":{"line":39,"column":20}}]},"4":{"line":41,"type":"binary-expr","locations":[{"start":{"line":41,"column":16},"end":{"line":41,"column":44}},{"start":{"line":41,"column":48},"end":{"line":41,"column":53}}]},"5":{"line":45,"type":"if","locations":[{"start":{"line":45,"column":8},"end":{"line":45,"column":8}},{"start":{"line":45,"column":8},"end":{"line":45,"column":8}}]}},"code":["/* istanbul instrument in package npmtest_combokeys */","/*jslint","    bitwise: true,","    browser: true,","    maxerr: 8,","    maxlen: 96,","    node: true,","    nomen: true,","    regexp: true,","    stupid: true","*/","(function () {","    'use strict';","    var local;","","","","    // run shared js-env code - pre-init","    (function () {","        // init local","        local = {};","        // init modeJs","        local.modeJs = (function () {","            try {","                return typeof navigator.userAgent === 'string' &&","                    typeof document.querySelector('body') === 'object' &&","                    typeof XMLHttpRequest.prototype.open === 'function' &&","                    'browser';","            } catch (errorCaughtBrowser) {","                return module.exports &&","                    typeof process.versions.node === 'string' &&","                    typeof require('http').createServer === 'function' &&","                    'node';","            }","        }());","        // init global","        local.global = local.modeJs === 'browser'","            ? window","            : global;","        // init utility2_rollup","        local = local.global.utility2_rollup || local;","        // init lib","        local.local = local.npmtest_combokeys = local;","        // init exports","        if (local.modeJs === 'browser') {","            local.global.utility2_npmtest_combokeys = local;","        } else {","            module.exports = local;","            module.exports.__dirname = __dirname;","            module.exports.module = module;","        }","    }());","}());",""],"l":{"12":2,"14":2,"19":2,"21":2,"23":2,"24":2,"25":2,"30":1,"37":2,"41":2,"43":2,"45":2,"46":1,"48":1,"49":1,"50":1}},"/home/travis/build/npmtest/node-npmtest-combokeys/example.js":{"path":"/home/travis/build/npmtest/node-npmtest-combokeys/example.js","s":{"1":2,"2":2,"3":2,"4":2,"5":2,"6":2,"7":2,"8":1,"9":2,"10":2,"11":2,"12":2,"13":1,"14":2,"15":2,"16":2,"17":2,"18":2,"19":0,"20":2,"21":1,"22":1,"23":1,"24":1,"25":1,"26":0,"27":0,"28":1,"29":1,"30":2,"31":0,"32":0,"33":0,"34":1,"35":2,"36":2,"37":3,"38":3,"39":3,"40":3,"41":0,"42":3,"43":3,"44":3,"45":1,"46":3,"47":1,"48":1,"49":1,"50":1,"51":1,"52":1,"53":1,"54":1,"55":1,"56":1,"57":0,"58":1,"59":6,"60":6,"61":1,"62":2,"63":0,"64":2,"65":1,"66":1,"67":0,"68":0,"69":0,"70":0,"71":0,"72":0,"73":0,"74":0,"75":0,"76":0,"77":0,"78":0,"79":0,"80":0,"81":0,"82":0,"83":0},"b":{"1":[2,1,1,1],"2":[1,1,1,1],"3":[1,1],"4":[2,2],"5":[1,1],"6":[1,1],"7":[2,0],"8":[2,1,1,1,1,1],"9":[0,2,0],"10":[1,1],"11":[2,1,1],"12":[1,0],"13":[0,2],"14":[2,0,0,0,0,0,0],"15":[0,3],"16":[3,0],"17":[1,1],"18":[0,1],"19":[1,2,0,2],"20":[1,0],"21":[1,1],"22":[0,0],"23":[0,0],"24":[0,0],"25":[0,0],"26":[0,0],"27":[0,0],"28":[0,0]},"f":{"1":2,"2":2,"3":2,"4":2,"5":2,"6":2,"7":3,"8":3,"9":3,"10":1,"11":6,"12":0},"fnMap":{"1":{"name":"(anonymous_1)","line":26,"loc":{"start":{"line":26,"column":1},"end":{"line":26,"column":13}}},"2":{"name":"(anonymous_2)","line":33,"loc":{"start":{"line":33,"column":5},"end":{"line":33,"column":17}}},"3":{"name":"(anonymous_3)","line":37,"loc":{"start":{"line":37,"column":24},"end":{"line":37,"column":36}}},"4":{"name":"(anonymous_4)","line":69,"loc":{"start":{"line":69,"column":31},"end":{"line":69,"column":48}},"skip":true},"5":{"name":"(anonymous_5)","line":78,"loc":{"start":{"line":78,"column":26},"end":{"line":78,"column":45}},"skip":true},"6":{"name":"(anonymous_6)","line":123,"loc":{"start":{"line":123,"column":33},"end":{"line":123,"column":48}},"skip":true},"7":{"name":"(anonymous_7)","line":125,"loc":{"start":{"line":125,"column":27},"end":{"line":125,"column":39}},"skip":true},"8":{"name":"(anonymous_8)","line":133,"loc":{"start":{"line":133,"column":59},"end":{"line":133,"column":74}},"skip":true},"9":{"name":"(anonymous_9)","line":143,"loc":{"start":{"line":143,"column":45},"end":{"line":143,"column":62}},"skip":true},"10":{"name":"(anonymous_10)","line":144,"loc":{"start":{"line":144,"column":73},"end":{"line":144,"column":92}},"skip":true},"11":{"name":"(anonymous_11)","line":272,"loc":{"start":{"line":272,"column":51},"end":{"line":272,"column":77}},"skip":true},"12":{"name":"(anonymous_12)","line":315,"loc":{"start":{"line":315,"column":32},"end":{"line":315,"column":61}},"skip":true}},"statementMap":{"1":{"start":{"line":26,"column":0},"end":{"line":326,"column":5}},"2":{"start":{"line":28,"column":4},"end":{"line":28,"column":14}},"3":{"start":{"line":33,"column":4},"end":{"line":60,"column":9}},"4":{"start":{"line":35,"column":8},"end":{"line":35,"column":19}},"5":{"start":{"line":37,"column":8},"end":{"line":49,"column":13}},"6":{"start":{"line":38,"column":12},"end":{"line":48,"column":13}},"7":{"start":{"line":39,"column":16},"end":{"line":42,"column":30}},"8":{"start":{"line":44,"column":16},"end":{"line":47,"column":27}},"9":{"start":{"line":51,"column":8},"end":{"line":53,"column":21}},"10":{"start":{"line":55,"column":8},"end":{"line":57,"column":45}},"11":{"start":{"line":59,"column":8},"end":{"line":59,"column":35}},"12":{"start":{"line":61,"column":4},"end":{"line":325,"column":5}},"13":{"start":{"line":69,"column":8},"end":{"line":121,"column":10},"skip":true},"14":{"start":{"line":70,"column":12},"end":{"line":88,"column":13},"skip":true},"15":{"start":{"line":76,"column":16},"end":{"line":87,"column":19},"skip":true},"16":{"start":{"line":79,"column":20},"end":{"line":86,"column":21},"skip":true},"17":{"start":{"line":82,"column":24},"end":{"line":82,"column":43},"skip":true},"18":{"start":{"line":83,"column":24},"end":{"line":83,"column":30},"skip":true},"19":{"start":{"line":85,"column":24},"end":{"line":85,"column":49},"skip":true},"20":{"start":{"line":89,"column":12},"end":{"line":107,"column":13},"skip":true},"21":{"start":{"line":92,"column":16},"end":{"line":102,"column":17},"skip":true},"22":{"start":{"line":93,"column":20},"end":{"line":93,"column":86},"skip":true},"23":{"start":{"line":94,"column":20},"end":{"line":95,"column":45},"skip":true},"24":{"start":{"line":96,"column":20},"end":{"line":96,"column":42},"skip":true},"25":{"start":{"line":97,"column":20},"end":{"line":97,"column":48},"skip":true},"26":{"start":{"line":100,"column":20},"end":{"line":100,"column":85},"skip":true},"27":{"start":{"line":101,"column":20},"end":{"line":101,"column":96},"skip":true},"28":{"start":{"line":103,"column":16},"end":{"line":103,"column":22},"skip":true},"29":{"start":{"line":106,"column":16},"end":{"line":106,"column":22},"skip":true},"30":{"start":{"line":108,"column":12},"end":{"line":120,"column":13},"skip":true},"31":{"start":{"line":114,"column":16},"end":{"line":119,"column":17},"skip":true},"32":{"start":{"line":116,"column":20},"end":{"line":116,"column":78},"skip":true},"33":{"start":{"line":118,"column":20},"end":{"line":118,"column":47},"skip":true},"34":{"start":{"line":123,"column":8},"end":{"line":141,"column":11},"skip":true},"35":{"start":{"line":124,"column":12},"end":{"line":124,"column":54},"skip":true},"36":{"start":{"line":125,"column":12},"end":{"line":140,"column":14},"skip":true},"37":{"start":{"line":126,"column":16},"end":{"line":126,"column":28},"skip":true},"38":{"start":{"line":127,"column":16},"end":{"line":127,"column":69},"skip":true},"39":{"start":{"line":128,"column":16},"end":{"line":128,"column":75},"skip":true},"40":{"start":{"line":129,"column":16},"end":{"line":131,"column":17},"skip":true},"41":{"start":{"line":130,"column":20},"end":{"line":130,"column":27},"skip":true},"42":{"start":{"line":133,"column":16},"end":{"line":137,"column":36},"skip":true},"43":{"start":{"line":134,"column":20},"end":{"line":136,"column":55},"skip":true},"44":{"start":{"line":139,"column":16},"end":{"line":139,"column":57},"skip":true},"45":{"start":{"line":143,"column":8},"end":{"line":147,"column":11},"skip":true},"46":{"start":{"line":144,"column":12},"end":{"line":146,"column":15},"skip":true},"47":{"start":{"line":145,"column":16},"end":{"line":145,"column":70},"skip":true},"48":{"start":{"line":149,"column":8},"end":{"line":149,"column":31},"skip":true},"49":{"start":{"line":150,"column":8},"end":{"line":150,"column":14},"skip":true},"50":{"start":{"line":158,"column":8},"end":{"line":158,"column":31},"skip":true},"51":{"start":{"line":160,"column":8},"end":{"line":160,"column":33},"skip":true},"52":{"start":{"line":161,"column":8},"end":{"line":161,"column":37},"skip":true},"53":{"start":{"line":162,"column":8},"end":{"line":162,"column":35},"skip":true},"54":{"start":{"line":164,"column":8},"end":{"line":164,"column":50},"skip":true},"55":{"start":{"line":166,"column":8},"end":{"line":256,"column":2},"skip":true},"56":{"start":{"line":258,"column":8},"end":{"line":286,"column":9},"skip":true},"57":{"start":{"line":259,"column":12},"end":{"line":269,"column":14},"skip":true},"58":{"start":{"line":271,"column":12},"end":{"line":285,"column":19},"skip":true},"59":{"start":{"line":274,"column":20},"end":{"line":274,"column":35},"skip":true},"60":{"start":{"line":275,"column":20},"end":{"line":284,"column":21},"skip":true},"61":{"start":{"line":277,"column":24},"end":{"line":277,"column":64},"skip":true},"62":{"start":{"line":279,"column":24},"end":{"line":279,"column":40},"skip":true},"63":{"start":{"line":281,"column":24},"end":{"line":281,"column":40},"skip":true},"64":{"start":{"line":283,"column":24},"end":{"line":283,"column":39},"skip":true},"65":{"start":{"line":288,"column":8},"end":{"line":290,"column":9},"skip":true},"66":{"start":{"line":289,"column":12},"end":{"line":289,"column":18},"skip":true},"67":{"start":{"line":291,"column":8},"end":{"line":293,"column":54},"skip":true},"68":{"start":{"line":296,"column":8},"end":{"line":301,"column":37},"skip":true},"69":{"start":{"line":303,"column":8},"end":{"line":303,"column":82},"skip":true},"70":{"start":{"line":306,"column":8},"end":{"line":308,"column":9},"skip":true},"71":{"start":{"line":307,"column":12},"end":{"line":307,"column":82},"skip":true},"72":{"start":{"line":310,"column":8},"end":{"line":312,"column":9},"skip":true},"73":{"start":{"line":311,"column":12},"end":{"line":311,"column":18},"skip":true},"74":{"start":{"line":313,"column":8},"end":{"line":313,"column":54},"skip":true},"75":{"start":{"line":314,"column":8},"end":{"line":314,"column":69},"skip":true},"76":{"start":{"line":315,"column":8},"end":{"line":323,"column":36},"skip":true},"77":{"start":{"line":316,"column":12},"end":{"line":316,"column":61},"skip":true},"78":{"start":{"line":317,"column":12},"end":{"line":320,"column":13},"skip":true},"79":{"start":{"line":318,"column":16},"end":{"line":318,"column":75},"skip":true},"80":{"start":{"line":319,"column":16},"end":{"line":319,"column":23},"skip":true},"81":{"start":{"line":321,"column":12},"end":{"line":321,"column":38},"skip":true},"82":{"start":{"line":322,"column":12},"end":{"line":322,"column":27},"skip":true},"83":{"start":{"line":324,"column":8},"end":{"line":324,"column":14},"skip":true}},"branchMap":{"1":{"line":39,"type":"binary-expr","locations":[{"start":{"line":39,"column":23},"end":{"line":39,"column":62}},{"start":{"line":40,"column":20},"end":{"line":40,"column":70}},{"start":{"line":41,"column":20},"end":{"line":41,"column":71}},{"start":{"line":42,"column":20},"end":{"line":42,"column":29}}]},"2":{"line":44,"type":"binary-expr","locations":[{"start":{"line":44,"column":23},"end":{"line":44,"column":37}},{"start":{"line":45,"column":20},"end":{"line":45,"column":61}},{"start":{"line":46,"column":20},"end":{"line":46,"column":70}},{"start":{"line":47,"column":20},"end":{"line":47,"column":26}}]},"3":{"line":51,"type":"cond-expr","locations":[{"start":{"line":52,"column":14},"end":{"line":52,"column":20}},{"start":{"line":53,"column":14},"end":{"line":53,"column":20}}]},"4":{"line":55,"type":"binary-expr","locations":[{"start":{"line":55,"column":16},"end":{"line":55,"column":44}},{"start":{"line":55,"column":49},"end":{"line":57,"column":43}}]},"5":{"line":55,"type":"cond-expr","locations":[{"start":{"line":56,"column":14},"end":{"line":56,"column":53}},{"start":{"line":57,"column":14},"end":{"line":57,"column":43}}]},"6":{"line":61,"type":"switch","locations":[{"start":{"line":68,"column":4},"end":{"line":150,"column":14},"skip":true},{"start":{"line":156,"column":4},"end":{"line":324,"column":14},"skip":true}]},"7":{"line":70,"type":"if","locations":[{"start":{"line":70,"column":12},"end":{"line":70,"column":12},"skip":true},{"start":{"line":70,"column":12},"end":{"line":70,"column":12},"skip":true}]},"8":{"line":70,"type":"binary-expr","locations":[{"start":{"line":70,"column":16},"end":{"line":70,"column":22},"skip":true},{"start":{"line":70,"column":27},"end":{"line":70,"column":32},"skip":true},{"start":{"line":71,"column":20},"end":{"line":71,"column":39},"skip":true},{"start":{"line":72,"column":20},"end":{"line":72,"column":49},"skip":true},{"start":{"line":73,"column":20},"end":{"line":73,"column":58},"skip":true},{"start":{"line":74,"column":20},"end":{"line":74,"column":69},"skip":true}]},"9":{"line":79,"type":"switch","locations":[{"start":{"line":80,"column":20},"end":{"line":80,"column":33},"skip":true},{"start":{"line":81,"column":20},"end":{"line":83,"column":30},"skip":true},{"start":{"line":84,"column":20},"end":{"line":85,"column":49},"skip":true}]},"10":{"line":89,"type":"switch","locations":[{"start":{"line":90,"column":12},"end":{"line":103,"column":22},"skip":true},{"start":{"line":105,"column":12},"end":{"line":106,"column":22},"skip":true}]},"11":{"line":89,"type":"binary-expr","locations":[{"start":{"line":89,"column":20},"end":{"line":89,"column":25},"skip":true},{"start":{"line":89,"column":29},"end":{"line":89,"column":48},"skip":true},{"start":{"line":89,"column":52},"end":{"line":89,"column":74},"skip":true}]},"12":{"line":92,"type":"if","locations":[{"start":{"line":92,"column":16},"end":{"line":92,"column":16},"skip":true},{"start":{"line":92,"column":16},"end":{"line":92,"column":16},"skip":true}]},"13":{"line":108,"type":"if","locations":[{"start":{"line":108,"column":12},"end":{"line":108,"column":12},"skip":true},{"start":{"line":108,"column":12},"end":{"line":108,"column":12},"skip":true}]},"14":{"line":108,"type":"binary-expr","locations":[{"start":{"line":108,"column":16},"end":{"line":108,"column":61},"skip":true},{"start":{"line":108,"column":66},"end":{"line":108,"column":72},"skip":true},{"start":{"line":108,"column":77},"end":{"line":108,"column":82},"skip":true},{"start":{"line":109,"column":20},"end":{"line":109,"column":39},"skip":true},{"start":{"line":110,"column":20},"end":{"line":110,"column":49},"skip":true},{"start":{"line":111,"column":20},"end":{"line":111,"column":58},"skip":true},{"start":{"line":112,"column":20},"end":{"line":112,"column":68},"skip":true}]},"15":{"line":129,"type":"if","locations":[{"start":{"line":129,"column":16},"end":{"line":129,"column":16},"skip":true},{"start":{"line":129,"column":16},"end":{"line":129,"column":16},"skip":true}]},"16":{"line":134,"type":"cond-expr","locations":[{"start":{"line":135,"column":26},"end":{"line":135,"column":29},"skip":true},{"start":{"line":136,"column":26},"end":{"line":136,"column":54},"skip":true}]},"17":{"line":164,"type":"binary-expr","locations":[{"start":{"line":164,"column":27},"end":{"line":164,"column":43},"skip":true},{"start":{"line":164,"column":47},"end":{"line":164,"column":49},"skip":true}]},"18":{"line":258,"type":"if","locations":[{"start":{"line":258,"column":8},"end":{"line":258,"column":8},"skip":true},{"start":{"line":258,"column":8},"end":{"line":258,"column":8},"skip":true}]},"19":{"line":275,"type":"switch","locations":[{"start":{"line":276,"column":20},"end":{"line":277,"column":64},"skip":true},{"start":{"line":278,"column":20},"end":{"line":279,"column":40},"skip":true},{"start":{"line":280,"column":20},"end":{"line":281,"column":40},"skip":true},{"start":{"line":282,"column":20},"end":{"line":283,"column":39},"skip":true}]},"20":{"line":288,"type":"if","locations":[{"start":{"line":288,"column":8},"end":{"line":288,"column":8},"skip":true},{"start":{"line":288,"column":8},"end":{"line":288,"column":8},"skip":true}]},"21":{"line":288,"type":"binary-expr","locations":[{"start":{"line":288,"column":12},"end":{"line":288,"column":40},"skip":true},{"start":{"line":288,"column":44},"end":{"line":288,"column":67},"skip":true}]},"22":{"line":292,"type":"binary-expr","locations":[{"start":{"line":292,"column":12},"end":{"line":292,"column":50},"skip":true},{"start":{"line":293,"column":12},"end":{"line":293,"column":53},"skip":true}]},"23":{"line":297,"type":"binary-expr","locations":[{"start":{"line":297,"column":12},"end":{"line":297,"column":67},"skip":true},{"start":{"line":298,"column":12},"end":{"line":301,"column":36},"skip":true}]},"24":{"line":303,"type":"binary-expr","locations":[{"start":{"line":303,"column":43},"end":{"line":303,"column":75},"skip":true},{"start":{"line":303,"column":79},"end":{"line":303,"column":81},"skip":true}]},"25":{"line":306,"type":"if","locations":[{"start":{"line":306,"column":8},"end":{"line":306,"column":8},"skip":true},{"start":{"line":306,"column":8},"end":{"line":306,"column":8},"skip":true}]},"26":{"line":310,"type":"if","locations":[{"start":{"line":310,"column":8},"end":{"line":310,"column":8},"skip":true},{"start":{"line":310,"column":8},"end":{"line":310,"column":8},"skip":true}]},"27":{"line":313,"type":"binary-expr","locations":[{"start":{"line":313,"column":27},"end":{"line":313,"column":43},"skip":true},{"start":{"line":313,"column":47},"end":{"line":313,"column":53},"skip":true}]},"28":{"line":317,"type":"if","locations":[{"start":{"line":317,"column":12},"end":{"line":317,"column":12},"skip":true},{"start":{"line":317,"column":12},"end":{"line":317,"column":12},"skip":true}]}},"code":["/*","example.js","","quickstart example","","instruction","    1. save this script as example.js","    2. run the shell command:","        $ npm install npmtest-combokeys && PORT=8081 node example.js","    3. play with the browser-demo on http://127.0.0.1:8081","*/","","","","/* istanbul instrument in package npmtest_combokeys */","/*jslint","    bitwise: true,","    browser: true,","    maxerr: 8,","    maxlen: 96,","    node: true,","    nomen: true,","    regexp: true,","    stupid: true","*/","(function () {","    'use strict';","    var local;","","","","    // run shared js-env code - pre-init","    (function () {","        // init local","        local = {};","        // init modeJs","        local.modeJs = (function () {","            try {","                return typeof navigator.userAgent === 'string' &&","                    typeof document.querySelector('body') === 'object' &&","                    typeof XMLHttpRequest.prototype.open === 'function' &&","                    'browser';","            } catch (errorCaughtBrowser) {","                return module.exports &&","                    typeof process.versions.node === 'string' &&","                    typeof require('http').createServer === 'function' &&","                    'node';","            }","        }());","        // init global","        local.global = local.modeJs === 'browser'","            ? window","            : global;","        // init utility2_rollup","        local = local.global.utility2_rollup || (local.modeJs === 'browser'","            ? local.global.utility2_npmtest_combokeys","            : global.utility2_moduleExports);","        // export local","        local.global.local = local;","    }());","    switch (local.modeJs) {","","","","    // post-init","    // run browser js-env code - post-init","    /* istanbul ignore next */","    case 'browser':","        local.testRunBrowser = function (event) {","            if (!event || (event &&","                    event.currentTarget &&","                    event.currentTarget.className &&","                    event.currentTarget.className.includes &&","                    event.currentTarget.className.includes('onreset'))) {","                // reset output","                Array.from(","                    document.querySelectorAll('body > .resettable')","                ).forEach(function (element) {","                    switch (element.tagName) {","                    case 'INPUT':","                    case 'TEXTAREA':","                        element.value = '';","                        break;","                    default:","                        element.textContent = '';","                    }","                });","            }","            switch (event && event.currentTarget && event.currentTarget.id) {","            case 'testRunButton1':","                // show tests","                if (document.querySelector('#testReportDiv1').style.display === 'none') {","                    document.querySelector('#testReportDiv1').style.display = 'block';","                    document.querySelector('#testRunButton1').textContent =","                        'hide internal test';","                    local.modeTest = true;","                    local.testRunDefault(local);","                // hide tests","                } else {","                    document.querySelector('#testReportDiv1').style.display = 'none';","                    document.querySelector('#testRunButton1').textContent = 'run internal test';","                }","                break;","            // custom-case","            default:","                break;","            }","            if (document.querySelector('#inputTextareaEval1') && (!event || (event &&","                    event.currentTarget &&","                    event.currentTarget.className &&","                    event.currentTarget.className.includes &&","                    event.currentTarget.className.includes('oneval')))) {","                // try to eval input-code","                try {","                    /*jslint evil: true*/","                    eval(document.querySelector('#inputTextareaEval1').value);","                } catch (errorCaught) {","                    console.error(errorCaught);","                }","            }","        };","        // log stderr and stdout to #outputTextareaStdout1","        ['error', 'log'].forEach(function (key) {","            console[key + '_original'] = console[key];","            console[key] = function () {","                var element;","                console[key + '_original'].apply(console, arguments);","                element = document.querySelector('#outputTextareaStdout1');","                if (!element) {","                    return;","                }","                // append text to #outputTextareaStdout1","                element.value += Array.from(arguments).map(function (arg) {","                    return typeof arg === 'string'","                        ? arg","                        : JSON.stringify(arg, null, 4);","                }).join(' ') + '\\n';","                // scroll textarea to bottom","                element.scrollTop = element.scrollHeight;","            };","        });","        // init event-handling","        ['change', 'click', 'keyup'].forEach(function (event) {","            Array.from(document.querySelectorAll('.on' + event)).forEach(function (element) {","                element.addEventListener(event, local.testRunBrowser);","            });","        });","        // run tests","        local.testRunBrowser();","        break;","","","","    // run node js-env code - post-init","    /* istanbul ignore next */","    case 'node':","        // export local","        module.exports = local;","        // require modules","        local.fs = require('fs');","        local.http = require('http');","        local.url = require('url');","        // init assets","        local.assetsDict = local.assetsDict || {};","        /* jslint-ignore-begin */","        local.assetsDict['/assets.index.template.html'] = '\\","<!doctype html>\\n\\","<html lang=\"en\">\\n\\","<head>\\n\\","<meta charset=\"UTF-8\">\\n\\","<meta name=\"viewport\" content=\"width=device-width, initial-scale=1\">\\n\\","<title>{{env.npm_package_name}} (v{{env.npm_package_version}})</title>\\n\\","<style>\\n\\","/*csslint\\n\\","    box-sizing: false,\\n\\","    universal-selector: false\\n\\","*/\\n\\","* {\\n\\","    box-sizing: border-box;\\n\\","}\\n\\","body {\\n\\","    background: #dde;\\n\\","    font-family: Arial, Helvetica, sans-serif;\\n\\","    margin: 2rem;\\n\\","}\\n\\","body > * {\\n\\","    margin-bottom: 1rem;\\n\\","}\\n\\",".utility2FooterDiv {\\n\\","    margin-top: 20px;\\n\\","    text-align: center;\\n\\","}\\n\\","</style>\\n\\","<style>\\n\\","/*csslint\\n\\","*/\\n\\","textarea {\\n\\","    font-family: monospace;\\n\\","    height: 10rem;\\n\\","    width: 100%;\\n\\","}\\n\\","textarea[readonly] {\\n\\","    background: #ddd;\\n\\","}\\n\\","</style>\\n\\","</head>\\n\\","<body>\\n\\","<!-- utility2-comment\\n\\","<div id=\"ajaxProgressDiv1\" style=\"background: #d00; height: 2px; left: 0; margin: 0; padding: 0; position: fixed; top: 0; transition: background 0.5s, width 1.5s; width: 25%;\"></div>\\n\\","utility2-comment -->\\n\\","<h1>\\n\\","<!-- utility2-comment\\n\\","    <a\\n\\","        {{#if env.npm_package_homepage}}\\n\\","        href=\"{{env.npm_package_homepage}}\"\\n\\","        {{/if env.npm_package_homepage}}\\n\\","        target=\"_blank\"\\n\\","    >\\n\\","utility2-comment -->\\n\\","        {{env.npm_package_name}} (v{{env.npm_package_version}})\\n\\","<!-- utility2-comment\\n\\","    </a>\\n\\","utility2-comment -->\\n\\","</h1>\\n\\","<h3>{{env.npm_package_description}}</h3>\\n\\","<!-- utility2-comment\\n\\","<h4><a download href=\"assets.app.js\">download standalone app</a></h4>\\n\\","<button class=\"onclick onreset\" id=\"testRunButton1\">run internal test</button><br>\\n\\","<div id=\"testReportDiv1\" style=\"display: none;\"></div>\\n\\","utility2-comment -->\\n\\","\\n\\","\\n\\","\\n\\","<label>stderr and stdout</label>\\n\\","<textarea class=\"resettable\" id=\"outputTextareaStdout1\" readonly></textarea>\\n\\","<!-- utility2-comment\\n\\","{{#if isRollup}}\\n\\","<script src=\"assets.app.js\"></script>\\n\\","{{#unless isRollup}}\\n\\","utility2-comment -->\\n\\","<script src=\"assets.utility2.rollup.js\"></script>\\n\\","<script src=\"jsonp.utility2._stateInit?callback=window.utility2._stateInit\"></script>\\n\\","<script src=\"assets.npmtest_combokeys.rollup.js\"></script>\\n\\","<script src=\"assets.example.js\"></script>\\n\\","<script src=\"assets.test.js\"></script>\\n\\","<!-- utility2-comment\\n\\","{{/if isRollup}}\\n\\","utility2-comment -->\\n\\","<div class=\"utility2FooterDiv\">\\n\\","    [ this app was created with\\n\\","    <a href=\"https://github.com/kaizhu256/node-utility2\" target=\"_blank\">utility2</a>\\n\\","    ]\\n\\","</div>\\n\\","</body>\\n\\","</html>\\n\\","';","        /* jslint-ignore-end */","        if (local.templateRender) {","            local.assetsDict['/'] = local.templateRender(","                local.assetsDict['/assets.index.template.html'],","                {","                    env: local.objectSetDefault(local.env, {","                        npm_package_description: 'the greatest app in the world!',","                        npm_package_name: 'my-app',","                        npm_package_nameAlias: 'my_app',","                        npm_package_version: '0.0.1'","                    })","                }","            );","        } else {","            local.assetsDict['/'] = local.assetsDict['/assets.index.template.html']","                .replace((/\\{\\{env\\.(\\w+?)\\}\\}/g), function (match0, match1) {","                    // jslint-hack","                    String(match0);","                    switch (match1) {","                    case 'npm_package_description':","                        return 'the greatest app in the world!';","                    case 'npm_package_name':","                        return 'my-app';","                    case 'npm_package_nameAlias':","                        return 'my_app';","                    case 'npm_package_version':","                        return '0.0.1';","                    }","                });","        }","        // run the cli","        if (local.global.utility2_rollup || module !== require.main) {","            break;","        }","        local.assetsDict['/assets.example.js'] =","            local.assetsDict['/assets.example.js'] ||","            local.fs.readFileSync(__filename, 'utf8');","        // bug-workaround - long $npm_package_buildCustomOrg","        /* jslint-ignore-begin */","        local.assetsDict['/assets.npmtest_combokeys.rollup.js'] =","            local.assetsDict['/assets.npmtest_combokeys.rollup.js'] ||","            local.fs.readFileSync(","                local.npmtest_combokeys.__dirname + '/lib.npmtest_combokeys.js',","                'utf8'","            ).replace((/^#!/), '//');","        /* jslint-ignore-end */","        local.assetsDict['/favicon.ico'] = local.assetsDict['/favicon.ico'] || '';","        // if $npm_config_timeout_exit exists,","        // then exit this process after $npm_config_timeout_exit ms","        if (Number(process.env.npm_config_timeout_exit)) {","            setTimeout(process.exit, Number(process.env.npm_config_timeout_exit));","        }","        // start server","        if (local.global.utility2_serverHttp1) {","            break;","        }","        process.env.PORT = process.env.PORT || '8081';","        console.error('server starting on port ' + process.env.PORT);","        local.http.createServer(function (request, response) {","            request.urlParsed = local.url.parse(request.url);","            if (local.assetsDict[request.urlParsed.pathname] !== undefined) {","                response.end(local.assetsDict[request.urlParsed.pathname]);","                return;","            }","            response.statusCode = 404;","            response.end();","        }).listen(process.env.PORT);","        break;","    }","}());",""],"l":{"26":2,"28":2,"33":2,"35":2,"37":2,"38":2,"39":2,"44":1,"51":2,"55":2,"59":2,"61":2,"69":1,"70":2,"76":2,"79":2,"82":2,"83":2,"85":1,"89":2,"92":1,"93":1,"94":1,"96":1,"97":1,"100":1,"101":1,"103":1,"106":1,"108":2,"114":1,"116":1,"118":1,"123":1,"124":2,"125":2,"126":3,"127":3,"128":3,"129":3,"130":1,"133":3,"134":3,"139":3,"143":1,"144":3,"145":1,"149":1,"150":1,"158":1,"160":1,"161":1,"162":1,"164":1,"166":1,"258":1,"259":1,"271":1,"274":6,"275":6,"277":1,"279":2,"281":1,"283":2,"288":1,"289":1,"291":1,"296":1,"303":1,"306":1,"307":1,"310":1,"311":1,"313":1,"314":1,"315":1,"316":1,"317":1,"318":1,"319":1,"321":1,"322":1,"324":1}},"/home/travis/build/npmtest/node-npmtest-combokeys/node_modules/combokeys/Combokeys/index.js":{"path":"/home/travis/build/npmtest/node-npmtest-combokeys/node_modules/combokeys/Combokeys/index.js","s":{"1":1,"2":0,"3":0,"4":0,"5":0,"6":0,"7":0,"8":0,"9":0,"10":0,"11":0,"12":0,"13":0,"14":0,"15":1,"16":1,"17":1,"18":1,"19":1,"20":1,"21":1,"22":1,"23":1,"24":1,"25":1,"26":1,"27":1,"28":1,"29":1,"30":1,"31":1,"32":1,"33":1,"34":1,"35":1},"b":{},"f":{"1":0},"fnMap":{"1":{"name":"(anonymous_1)","line":4,"loc":{"start":{"line":4,"column":17},"end":{"line":4,"column":36}}}},"statementMap":{"1":{"start":{"line":4,"column":0},"end":{"line":65,"column":1}},"2":{"start":{"line":5,"column":2},"end":{"line":5,"column":17}},"3":{"start":{"line":6,"column":2},"end":{"line":6,"column":34}},"4":{"start":{"line":13,"column":2},"end":{"line":13,"column":21}},"5":{"start":{"line":20,"column":2},"end":{"line":20,"column":21}},"6":{"start":{"line":28,"column":2},"end":{"line":28,"column":26}},"7":{"start":{"line":35,"column":2},"end":{"line":35,"column":17}},"8":{"start":{"line":42,"column":2},"end":{"line":42,"column":30}},"9":{"start":{"line":49,"column":2},"end":{"line":49,"column":33}},"10":{"start":{"line":57,"column":2},"end":{"line":57,"column":33}},"11":{"start":{"line":59,"column":2},"end":{"line":59,"column":24}},"12":{"start":{"line":61,"column":2},"end":{"line":61,"column":18}},"13":{"start":{"line":63,"column":2},"end":{"line":63,"column":32}},"14":{"start":{"line":64,"column":2},"end":{"line":64,"column":13}},"15":{"start":{"line":67,"column":0},"end":{"line":67,"column":59}},"16":{"start":{"line":68,"column":0},"end":{"line":68,"column":75}},"17":{"start":{"line":69,"column":0},"end":{"line":69,"column":63}},"18":{"start":{"line":70,"column":0},"end":{"line":70,"column":65}},"19":{"start":{"line":71,"column":0},"end":{"line":71,"column":64}},"20":{"start":{"line":72,"column":0},"end":{"line":72,"column":75}},"21":{"start":{"line":73,"column":0},"end":{"line":73,"column":69}},"22":{"start":{"line":74,"column":0},"end":{"line":74,"column":69}},"23":{"start":{"line":75,"column":0},"end":{"line":75,"column":71}},"24":{"start":{"line":76,"column":0},"end":{"line":76,"column":71}},"25":{"start":{"line":77,"column":0},"end":{"line":77,"column":79}},"26":{"start":{"line":78,"column":0},"end":{"line":78,"column":77}},"27":{"start":{"line":79,"column":0},"end":{"line":79,"column":71}},"28":{"start":{"line":80,"column":0},"end":{"line":80,"column":79}},"29":{"start":{"line":81,"column":0},"end":{"line":81,"column":75}},"30":{"start":{"line":82,"column":0},"end":{"line":82,"column":75}},"31":{"start":{"line":83,"column":0},"end":{"line":83,"column":87}},"32":{"start":{"line":84,"column":0},"end":{"line":84,"column":63}},"33":{"start":{"line":86,"column":0},"end":{"line":86,"column":29}},"34":{"start":{"line":87,"column":0},"end":{"line":87,"column":41}},"35":{"start":{"line":96,"column":0},"end":{"line":96,"column":33}}},"branchMap":{},"code":["/* eslint-env node, browser */","'use strict'","","module.exports = function (element) {","  var self = this","  var Combokeys = self.constructor","","  /**","   * a list of all the callbacks setup via Combokeys.bind()","   *","   * @type {Object}","   */","  self.callbacks = {}","","  /**","   * direct map of string combinations to callbacks used for trigger()","   *","   * @type {Object}","   */","  self.directMap = {}","","  /**","   * keeps track of what level each sequence is at since multiple","   * sequences can start out with the same sequence","   *","   * @type {Object}","   */","  self.sequenceLevels = {}","","  /**","   * variable to store the setTimeout call","   *","   * @type {null|number}","   */","  self.resetTimer","","  /**","   * temporary state where we will ignore the next keyup","   *","   * @type {boolean|string}","   */","  self.ignoreNextKeyup = false","","  /**","   * temporary state where we will ignore the next keypress","   *","   * @type {boolean}","   */","  self.ignoreNextKeypress = false","","  /**","   * are we currently inside of a sequence?","   * type of action (\"keyup\" or \"keydown\" or \"keypress\") or false","   *","   * @type {boolean|string}","   */","  self.nextExpectedAction = false","","  self.element = element","","  self.addEvents()","","  Combokeys.instances.push(self)","  return self","}","","module.exports.prototype.bind = require('./prototype/bind')","module.exports.prototype.bindMultiple = require('./prototype/bindMultiple')","module.exports.prototype.unbind = require('./prototype/unbind')","module.exports.prototype.trigger = require('./prototype/trigger')","module.exports.prototype.reset = require('./prototype/reset.js')","module.exports.prototype.stopCallback = require('./prototype/stopCallback')","module.exports.prototype.handleKey = require('./prototype/handleKey')","module.exports.prototype.addEvents = require('./prototype/addEvents')","module.exports.prototype.bindSingle = require('./prototype/bindSingle')","module.exports.prototype.getKeyInfo = require('./prototype/getKeyInfo')","module.exports.prototype.pickBestAction = require('./prototype/pickBestAction')","module.exports.prototype.getReverseMap = require('./prototype/getReverseMap')","module.exports.prototype.getMatches = require('./prototype/getMatches')","module.exports.prototype.resetSequences = require('./prototype/resetSequences')","module.exports.prototype.fireCallback = require('./prototype/fireCallback')","module.exports.prototype.bindSequence = require('./prototype/bindSequence')","module.exports.prototype.resetSequenceTimer = require('./prototype/resetSequenceTimer')","module.exports.prototype.detach = require('./prototype/detach')","","module.exports.instances = []","module.exports.reset = require('./reset')","","/**"," * variable to store the flipped version of MAP from above"," * needed to check if we should use keypress or not when no action"," * is specified"," *"," * @type {Object|undefined}"," */","module.exports.REVERSE_MAP = null",""],"l":{"4":1,"5":0,"6":0,"13":0,"20":0,"28":0,"35":0,"42":0,"49":0,"57":0,"59":0,"61":0,"63":0,"64":0,"67":1,"68":1,"69":1,"70":1,"71":1,"72":1,"73":1,"74":1,"75":1,"76":1,"77":1,"78":1,"79":1,"80":1,"81":1,"82":1,"83":1,"84":1,"86":1,"87":1,"96":1}},"/home/travis/build/npmtest/node-npmtest-combokeys/node_modules/combokeys/Combokeys/prototype/bind.js":{"path":"/home/travis/build/npmtest/node-npmtest-combokeys/node_modules/combokeys/Combokeys/prototype/bind.js","s":{"1":1,"2":0,"3":0,"4":0,"5":0},"b":{"1":[0,0]},"f":{"1":0},"fnMap":{"1":{"name":"(anonymous_1)","line":17,"loc":{"start":{"line":17,"column":17},"end":{"line":17,"column":51}}}},"statementMap":{"1":{"start":{"line":17,"column":0},"end":{"line":23,"column":1}},"2":{"start":{"line":18,"column":2},"end":{"line":18,"column":17}},"3":{"start":{"line":20,"column":2},"end":{"line":20,"column":46}},"4":{"start":{"line":21,"column":2},"end":{"line":21,"column":43}},"5":{"start":{"line":22,"column":2},"end":{"line":22,"column":13}}},"branchMap":{"1":{"line":20,"type":"cond-expr","locations":[{"start":{"line":20,"column":33},"end":{"line":20,"column":37}},{"start":{"line":20,"column":40},"end":{"line":20,"column":46}}]}},"code":["/* eslint-env node, browser */","'use strict'","/**"," * binds an event to Combokeys"," *"," * can be a single key, a combination of keys separated with +,"," * an array of keys, or a sequence of keys separated by spaces"," *"," * be sure to list the modifier keys first to make sure that the"," * correct key ends up getting bound (the last key in the pattern)"," *"," * @param {string|Array} keys"," * @param {Function} callback"," * @param {string=} action - \"keypress\", \"keydown\", or \"keyup\""," * @returns void"," */","module.exports = function (keys, callback, action) {","  var self = this","","  keys = keys instanceof Array ? keys : [keys]","  self.bindMultiple(keys, callback, action)","  return self","}",""],"l":{"17":1,"18":0,"20":0,"21":0,"22":0}},"/home/travis/build/npmtest/node-npmtest-combokeys/node_modules/combokeys/Combokeys/prototype/bindMultiple.js":{"path":"/home/travis/build/npmtest/node-npmtest-combokeys/node_modules/combokeys/Combokeys/prototype/bindMultiple.js","s":{"1":1,"2":0,"3":0,"4":0},"b":{},"f":{"1":0},"fnMap":{"1":{"name":"(anonymous_1)","line":12,"loc":{"start":{"line":12,"column":17},"end":{"line":12,"column":59}}}},"statementMap":{"1":{"start":{"line":12,"column":0},"end":{"line":18,"column":1}},"2":{"start":{"line":13,"column":2},"end":{"line":13,"column":17}},"3":{"start":{"line":15,"column":2},"end":{"line":17,"column":3}},"4":{"start":{"line":16,"column":4},"end":{"line":16,"column":54}}},"branchMap":{},"code":["/* eslint-env node, browser */","'use strict'","","/**"," * binds multiple combinations to the same callback"," *"," * @param {Array} combinations"," * @param {Function} callback"," * @param {string|undefined} action"," * @returns void"," */","module.exports = function (combinations, callback, action) {","  var self = this","","  for (var j = 0; j < combinations.length; ++j) {","    self.bindSingle(combinations[j], callback, action)","  }","}",""],"l":{"12":1,"13":0,"15":0,"16":0}},"/home/travis/build/npmtest/node-npmtest-combokeys/node_modules/combokeys/Combokeys/prototype/unbind.js":{"path":"/home/travis/build/npmtest/node-npmtest-combokeys/node_modules/combokeys/Combokeys/prototype/unbind.js","s":{"1":1,"2":0,"3":0},"b":{},"f":{"1":0,"2":0},"fnMap":{"1":{"name":"(anonymous_1)","line":20,"loc":{"start":{"line":20,"column":17},"end":{"line":20,"column":41}}},"2":{"name":"(anonymous_2)","line":23,"loc":{"start":{"line":23,"column":25},"end":{"line":23,"column":37}}}},"statementMap":{"1":{"start":{"line":20,"column":0},"end":{"line":24,"column":1}},"2":{"start":{"line":21,"column":2},"end":{"line":21,"column":17}},"3":{"start":{"line":23,"column":2},"end":{"line":23,"column":48}}},"branchMap":{},"code":["/* eslint-env node, browser */","'use strict'","/**"," * unbinds an event to Combokeys"," *"," * the unbinding sets the callback function of the specified key combo"," * to an empty function and deletes the corresponding key in the"," * directMap dict."," *"," * TODO: actually remove this from the callbacks dictionary instead"," * of binding an empty function"," *"," * the keycombo+action has to be exactly the same as"," * it was defined in the bind method"," *"," * @param {string|Array} keys"," * @param {string} action"," * @returns void"," */","module.exports = function (keys, action) {","  var self = this","","  return self.bind(keys, function () {}, action)","}",""],"l":{"20":1,"21":0,"23":0}},"/home/travis/build/npmtest/node-npmtest-combokeys/node_modules/combokeys/Combokeys/prototype/trigger.js":{"path":"/home/travis/build/npmtest/node-npmtest-combokeys/node_modules/combokeys/Combokeys/prototype/trigger.js","s":{"1":1,"2":0,"3":0,"4":0,"5":0},"b":{"1":[0,0]},"f":{"1":0},"fnMap":{"1":{"name":"(anonymous_1)","line":10,"loc":{"start":{"line":10,"column":17},"end":{"line":10,"column":41}}}},"statementMap":{"1":{"start":{"line":10,"column":0},"end":{"line":16,"column":1}},"2":{"start":{"line":11,"column":2},"end":{"line":11,"column":17}},"3":{"start":{"line":12,"column":2},"end":{"line":14,"column":3}},"4":{"start":{"line":13,"column":4},"end":{"line":13,"column":49}},"5":{"start":{"line":15,"column":2},"end":{"line":15,"column":13}}},"branchMap":{"1":{"line":12,"type":"if","locations":[{"start":{"line":12,"column":2},"end":{"line":12,"column":2}},{"start":{"line":12,"column":2},"end":{"line":12,"column":2}}]}},"code":["/* eslint-env node, browser */","'use strict'","/**"," * triggers an event that has already been bound"," *"," * @param {string} keys"," * @param {string=} action"," * @returns void"," */","module.exports = function (keys, action) {","  var self = this","  if (self.directMap[keys + ':' + action]) {","    self.directMap[keys + ':' + action]({}, keys)","  }","  return this","}",""],"l":{"10":1,"11":0,"12":0,"13":0,"15":0}},"/home/travis/build/npmtest/node-npmtest-combokeys/node_modules/combokeys/Combokeys/prototype/reset.js":{"path":"/home/travis/build/npmtest/node-npmtest-combokeys/node_modules/combokeys/Combokeys/prototype/reset.js","s":{"1":1,"2":0,"3":0,"4":0,"5":0},"b":{},"f":{"1":0},"fnMap":{"1":{"name":"(anonymous_1)","line":11,"loc":{"start":{"line":11,"column":17},"end":{"line":11,"column":29}}}},"statementMap":{"1":{"start":{"line":11,"column":0},"end":{"line":16,"column":1}},"2":{"start":{"line":12,"column":2},"end":{"line":12,"column":17}},"3":{"start":{"line":13,"column":2},"end":{"line":13,"column":21}},"4":{"start":{"line":14,"column":2},"end":{"line":14,"column":21}},"5":{"start":{"line":15,"column":2},"end":{"line":15,"column":13}}},"branchMap":{},"code":["/* eslint-env node, browser */","'use strict'","","/**"," * resets the library back to its initial state. This is useful"," * if you want to clear out the current keyboard shortcuts and bind"," * new ones - for example if you switch to another page"," *"," * @returns void"," */","module.exports = function () {","  var self = this","  self.callbacks = {}","  self.directMap = {}","  return this","}",""],"l":{"11":1,"12":0,"13":0,"14":0,"15":0}},"/home/travis/build/npmtest/node-npmtest-combokeys/node_modules/combokeys/Combokeys/prototype/stopCallback.js":{"path":"/home/travis/build/npmtest/node-npmtest-combokeys/node_modules/combokeys/Combokeys/prototype/stopCallback.js","s":{"1":1,"2":0,"3":0,"4":0,"5":0},"b":{"1":[0,0],"2":[0,0,0,0]},"f":{"1":0},"fnMap":{"1":{"name":"(anonymous_1)","line":11,"loc":{"start":{"line":11,"column":17},"end":{"line":11,"column":39}}}},"statementMap":{"1":{"start":{"line":11,"column":0},"end":{"line":21,"column":1}},"2":{"start":{"line":13,"column":2},"end":{"line":15,"column":3}},"3":{"start":{"line":14,"column":4},"end":{"line":14,"column":16}},"4":{"start":{"line":17,"column":2},"end":{"line":17,"column":45}},"5":{"start":{"line":20,"column":2},"end":{"line":20,"column":107}}},"branchMap":{"1":{"line":13,"type":"if","locations":[{"start":{"line":13,"column":2},"end":{"line":13,"column":2}},{"start":{"line":13,"column":2},"end":{"line":13,"column":2}}]},"2":{"line":20,"type":"binary-expr","locations":[{"start":{"line":20,"column":9},"end":{"line":20,"column":28}},{"start":{"line":20,"column":32},"end":{"line":20,"column":52}},{"start":{"line":20,"column":56},"end":{"line":20,"column":78}},{"start":{"line":20,"column":82},"end":{"line":20,"column":107}}]}},"code":["/* eslint-env node, browser */","'use strict'","","/**","* should we stop this event before firing off callbacks","*","* @param {Event} e","* @param {Element} element","* @return {boolean}","*/","module.exports = function (e, element) {","  // if the element has the class \"combokeys\" then no need to stop","  if ((' ' + element.className + ' ').indexOf(' combokeys ') > -1) {","    return false","  }","","  var tagName = element.tagName.toLowerCase()","","  // stop for input, select, and textarea","  return tagName === 'input' || tagName === 'select' || tagName === 'textarea' || element.isContentEditable","}",""],"l":{"11":1,"13":0,"14":0,"17":0,"20":0}},"/home/travis/build/npmtest/node-npmtest-combokeys/node_modules/combokeys/Combokeys/prototype/handleKey.js":{"path":"/home/travis/build/npmtest/node-npmtest-combokeys/node_modules/combokeys/Combokeys/prototype/handleKey.js","s":{"1":1,"2":0,"3":0,"4":0,"5":0,"6":0,"7":0,"8":0,"9":0,"10":0,"11":0,"12":0,"13":0,"14":0,"15":0,"16":0,"17":0,"18":0,"19":0,"20":0,"21":0,"22":0,"23":0,"24":0,"25":0,"26":0,"27":0,"28":0},"b":{"1":[0,0],"2":[0,0],"3":[0,0],"4":[0,0],"5":[0,0],"6":[0,0],"7":[0,0,0],"8":[0,0]},"f":{"1":0},"fnMap":{"1":{"name":"(anonymous_1)","line":12,"loc":{"start":{"line":12,"column":17},"end":{"line":12,"column":52}}}},"statementMap":{"1":{"start":{"line":12,"column":0},"end":{"line":93,"column":1}},"2":{"start":{"line":13,"column":2},"end":{"line":13,"column":17}},"3":{"start":{"line":14,"column":2},"end":{"line":14,"column":15}},"4":{"start":{"line":15,"column":2},"end":{"line":15,"column":7}},"5":{"start":{"line":16,"column":2},"end":{"line":16,"column":21}},"6":{"start":{"line":17,"column":2},"end":{"line":17,"column":18}},"7":{"start":{"line":18,"column":2},"end":{"line":18,"column":39}},"8":{"start":{"line":19,"column":2},"end":{"line":19,"column":16}},"9":{"start":{"line":20,"column":2},"end":{"line":20,"column":24}},"10":{"start":{"line":22,"column":2},"end":{"line":22,"column":54}},"11":{"start":{"line":24,"column":2},"end":{"line":28,"column":3}},"12":{"start":{"line":25,"column":4},"end":{"line":27,"column":5}},"13":{"start":{"line":26,"column":6},"end":{"line":26,"column":55}},"14":{"start":{"line":31,"column":2},"end":{"line":63,"column":3}},"15":{"start":{"line":37,"column":4},"end":{"line":56,"column":5}},"16":{"start":{"line":46,"column":6},"end":{"line":48,"column":7}},"17":{"start":{"line":47,"column":8},"end":{"line":47,"column":16}},"18":{"start":{"line":50,"column":6},"end":{"line":50,"column":38}},"19":{"start":{"line":53,"column":6},"end":{"line":53,"column":38}},"20":{"start":{"line":54,"column":6},"end":{"line":54,"column":87}},"21":{"start":{"line":55,"column":6},"end":{"line":55,"column":14}},"22":{"start":{"line":60,"column":4},"end":{"line":62,"column":5}},"23":{"start":{"line":61,"column":6},"end":{"line":61,"column":69}},"24":{"start":{"line":86,"column":2},"end":{"line":86,"column":71}},"25":{"start":{"line":87,"column":2},"end":{"line":87,"column":50}},"26":{"start":{"line":88,"column":2},"end":{"line":90,"column":3}},"27":{"start":{"line":89,"column":4},"end":{"line":89,"column":35}},"28":{"start":{"line":92,"column":2},"end":{"line":92,"column":77}}},"branchMap":{"1":{"line":25,"type":"if","locations":[{"start":{"line":25,"column":4},"end":{"line":25,"column":4}},{"start":{"line":25,"column":4},"end":{"line":25,"column":4}}]},"2":{"line":37,"type":"if","locations":[{"start":{"line":37,"column":4},"end":{"line":37,"column":4}},{"start":{"line":37,"column":4},"end":{"line":37,"column":4}}]},"3":{"line":46,"type":"if","locations":[{"start":{"line":46,"column":6},"end":{"line":46,"column":6}},{"start":{"line":46,"column":6},"end":{"line":46,"column":6}}]},"4":{"line":60,"type":"if","locations":[{"start":{"line":60,"column":4},"end":{"line":60,"column":4}},{"start":{"line":60,"column":4},"end":{"line":60,"column":4}}]},"5":{"line":86,"type":"binary-expr","locations":[{"start":{"line":86,"column":23},"end":{"line":86,"column":44}},{"start":{"line":86,"column":48},"end":{"line":86,"column":71}}]},"6":{"line":88,"type":"if","locations":[{"start":{"line":88,"column":2},"end":{"line":88,"column":2}},{"start":{"line":88,"column":2},"end":{"line":88,"column":2}}]},"7":{"line":88,"type":"binary-expr","locations":[{"start":{"line":88,"column":6},"end":{"line":88,"column":40}},{"start":{"line":88,"column":44},"end":{"line":88,"column":66}},{"start":{"line":88,"column":70},"end":{"line":88,"column":89}}]},"8":{"line":92,"type":"binary-expr","locations":[{"start":{"line":92,"column":28},"end":{"line":92,"column":53}},{"start":{"line":92,"column":57},"end":{"line":92,"column":77}}]}},"code":["/* eslint-env node, browser */","'use strict'","","/**"," * handles a character key event"," *"," * @param {string} character"," * @param {Array} modifiers"," * @param {Event} e"," * @returns void"," */","module.exports = function (character, modifiers, e) {","  var self = this","  var callbacks","  var j","  var doNotReset = {}","  var maxLevel = 0","  var processedSequenceCallback = false","  var isModifier","  var ignoreThisKeypress","","  callbacks = self.getMatches(character, modifiers, e)","  // Calculate the maxLevel for sequences so we can only execute the longest callback sequence","  for (j = 0; j < callbacks.length; ++j) {","    if (callbacks[j].seq) {","      maxLevel = Math.max(maxLevel, callbacks[j].level)","    }","  }","","  // loop through matching callbacks for this key event","  for (j = 0; j < callbacks.length; ++j) {","    // fire for all sequence callbacks","    // this is because if for example you have multiple sequences","    // bound such as \"g i\" and \"g t\" they both need to fire the","    // callback for matching g cause otherwise you can only ever","    // match the first one","    if (callbacks[j].seq) {","      // only fire callbacks for the maxLevel to prevent","      // subsequences from also firing","      //","      // for example 'a option b' should not cause 'option b' to fire","      // even though 'option b' is part of the other sequence","      //","      // any sequences that do not match here will be discarded","      // below by the resetSequences call","      if (callbacks[j].level !== maxLevel) {","        continue","      }","","      processedSequenceCallback = true","","      // keep a list of which sequences were matches for later","      doNotReset[callbacks[j].seq] = 1","      self.fireCallback(callbacks[j].callback, e, callbacks[j].combo, callbacks[j].seq)","      continue","    }","","    // if there were no sequence matches but we are still here","    // that means this is a regular match so we should fire that","    if (!processedSequenceCallback) {","      self.fireCallback(callbacks[j].callback, e, callbacks[j].combo)","    }","  }","","  // if the key you pressed matches the type of sequence without","  // being a modifier (ie \"keyup\" or \"keypress\") then we should","  // reset all sequences that were not matched by this event","  //","  // this is so, for example, if you have the sequence \"h a t\" and you","  // type \"h e a r t\" it does not match.  in this case the \"e\" will","  // cause the sequence to reset","  //","  // modifier keys are ignored because you can have a sequence","  // that contains modifiers such as \"enter ctrl+space\" and in most","  // cases the modifier key will be pressed before the next key","  //","  // also if you have a sequence such as \"ctrl+b a\" then pressing the","  // \"b\" key will trigger a \"keypress\" and a \"keydown\"","  //","  // the \"keydown\" is expected when there is a modifier, but the","  // \"keypress\" ends up matching the nextExpectedAction since it occurs","  // after and that causes the sequence to reset","  //","  // we ignore keypresses in a sequence that directly follow a keydown","  // for the same character","  ignoreThisKeypress = e.type === 'keypress' && self.ignoreNextKeypress","  isModifier = require('../../helpers/isModifier')","  if (e.type === self.nextExpectedAction && !isModifier(character) && !ignoreThisKeypress) {","    self.resetSequences(doNotReset)","  }","","  self.ignoreNextKeypress = processedSequenceCallback && e.type === 'keydown'","}",""],"l":{"12":1,"13":0,"14":0,"15":0,"16":0,"17":0,"18":0,"19":0,"20":0,"22":0,"24":0,"25":0,"26":0,"31":0,"37":0,"46":0,"47":0,"50":0,"53":0,"54":0,"55":0,"60":0,"61":0,"86":0,"87":0,"88":0,"89":0,"92":0}},"/home/travis/build/npmtest/node-npmtest-combokeys/node_modules/combokeys/Combokeys/prototype/addEvents.js":{"path":"/home/travis/build/npmtest/node-npmtest-combokeys/node_modules/combokeys/Combokeys/prototype/addEvents.js","s":{"1":1,"2":0,"3":0,"4":0,"5":0,"6":0,"7":0,"8":0},"b":{},"f":{"1":0},"fnMap":{"1":{"name":"(anonymous_1)","line":3,"loc":{"start":{"line":3,"column":17},"end":{"line":3,"column":29}}}},"statementMap":{"1":{"start":{"line":3,"column":0},"end":{"line":13,"column":1}},"2":{"start":{"line":4,"column":2},"end":{"line":4,"column":17}},"3":{"start":{"line":5,"column":2},"end":{"line":5,"column":33}},"4":{"start":{"line":6,"column":2},"end":{"line":6,"column":28}},"5":{"start":{"line":8,"column":2},"end":{"line":8,"column":60}},"6":{"start":{"line":10,"column":2},"end":{"line":10,"column":44}},"7":{"start":{"line":11,"column":2},"end":{"line":11,"column":43}},"8":{"start":{"line":12,"column":2},"end":{"line":12,"column":41}}},"branchMap":{},"code":["/* eslint-env node, browser */","'use strict'","module.exports = function () {","  var self = this","  var on = require('./dom-event')","  var element = self.element","","  self.eventHandler = require('./handleKeyEvent').bind(self)","","  on(element, 'keypress', self.eventHandler)","  on(element, 'keydown', self.eventHandler)","  on(element, 'keyup', self.eventHandler)","}",""],"l":{"3":1,"4":0,"5":0,"6":0,"8":0,"10":0,"11":0,"12":0}},"/home/travis/build/npmtest/node-npmtest-combokeys/node_modules/combokeys/Combokeys/prototype/bindSingle.js":{"path":"/home/travis/build/npmtest/node-npmtest-combokeys/node_modules/combokeys/Combokeys/prototype/bindSingle.js","s":{"1":1,"2":0,"3":0,"4":0,"5":0,"6":0,"7":0,"8":0,"9":0,"10":0,"11":0,"12":0,"13":0},"b":{"1":[0,0],"2":[0,0],"3":[0,0]},"f":{"1":0},"fnMap":{"1":{"name":"(anonymous_1)","line":14,"loc":{"start":{"line":14,"column":17},"end":{"line":14,"column":79}}}},"statementMap":{"1":{"start":{"line":14,"column":0},"end":{"line":56,"column":1}},"2":{"start":{"line":15,"column":2},"end":{"line":15,"column":17}},"3":{"start":{"line":18,"column":2},"end":{"line":18,"column":55}},"4":{"start":{"line":21,"column":2},"end":{"line":21,"column":48}},"5":{"start":{"line":23,"column":2},"end":{"line":23,"column":39}},"6":{"start":{"line":24,"column":2},"end":{"line":24,"column":10}},"7":{"start":{"line":28,"column":2},"end":{"line":31,"column":3}},"8":{"start":{"line":29,"column":4},"end":{"line":29,"column":62}},"9":{"start":{"line":30,"column":4},"end":{"line":30,"column":10}},"10":{"start":{"line":33,"column":2},"end":{"line":33,"column":45}},"11":{"start":{"line":37,"column":2},"end":{"line":37,"column":59}},"12":{"start":{"line":40,"column":2},"end":{"line":40,"column":98}},"13":{"start":{"line":48,"column":2},"end":{"line":55,"column":4}}},"branchMap":{"1":{"line":28,"type":"if","locations":[{"start":{"line":28,"column":2},"end":{"line":28,"column":2}},{"start":{"line":28,"column":2},"end":{"line":28,"column":2}}]},"2":{"line":37,"type":"binary-expr","locations":[{"start":{"line":37,"column":29},"end":{"line":37,"column":53}},{"start":{"line":37,"column":57},"end":{"line":37,"column":59}}]},"3":{"line":48,"type":"cond-expr","locations":[{"start":{"line":48,"column":42},"end":{"line":48,"column":51}},{"start":{"line":48,"column":54},"end":{"line":48,"column":60}}]}},"code":["/* eslint-env node, browser */","'use strict'","","/**"," * binds a single keyboard combination"," *"," * @param {string} combination"," * @param {Function} callback"," * @param {string=} action"," * @param {string=} sequenceName - name of sequence if part of sequence"," * @param {number=} level - what part of the sequence the command is"," * @returns void"," */","module.exports = function (combination, callback, action, sequenceName, level) {","  var self = this","","  // store a direct mapped reference for use with Combokeys.trigger","  self.directMap[combination + ':' + action] = callback","","  // make sure multiple spaces in a row become a single space","  combination = combination.replace(/\\s+/g, ' ')","","  var sequence = combination.split(' ')","  var info","","  // if this pattern is a sequence of keys then run through this method","  // to reprocess each pattern one key at a time","  if (sequence.length > 1) {","    self.bindSequence(combination, sequence, callback, action)","    return","  }","","  info = self.getKeyInfo(combination, action)","","  // make sure to initialize array if this is the first time","  // a callback is added for this key","  self.callbacks[info.key] = self.callbacks[info.key] || []","","  // remove an existing match if there is one","  self.getMatches(info.key, info.modifiers, {type: info.action}, sequenceName, combination, level)","","  // add this call back to the array","  // if it is a sequence put it at the beginning","  // if not put it at the end","  //","  // this is important because the way these are processed expects","  // the sequence ones to come first","  self.callbacks[info.key][sequenceName ? 'unshift' : 'push']({","    callback: callback,","    modifiers: info.modifiers,","    action: info.action,","    seq: sequenceName,","    level: level,","    combo: combination","  })","}",""],"l":{"14":1,"15":0,"18":0,"21":0,"23":0,"24":0,"28":0,"29":0,"30":0,"33":0,"37":0,"40":0,"48":0}},"/home/travis/build/npmtest/node-npmtest-combokeys/node_modules/combokeys/Combokeys/prototype/getKeyInfo.js":{"path":"/home/travis/build/npmtest/node-npmtest-combokeys/node_modules/combokeys/Combokeys/prototype/getKeyInfo.js","s":{"1":1,"2":0,"3":0,"4":0,"5":0,"6":0,"7":0,"8":0,"9":0,"10":0,"11":0,"12":0,"13":0,"14":0,"15":0,"16":0,"17":0,"18":0,"19":0,"20":0,"21":0,"22":0,"23":0,"24":0,"25":0,"26":0},"b":{"1":[0,0],"2":[0,0],"3":[0,0,0],"4":[0,0]},"f":{"1":0},"fnMap":{"1":{"name":"(anonymous_1)","line":11,"loc":{"start":{"line":11,"column":17},"end":{"line":11,"column":48}}}},"statementMap":{"1":{"start":{"line":11,"column":0},"end":{"line":61,"column":1}},"2":{"start":{"line":12,"column":2},"end":{"line":12,"column":17}},"3":{"start":{"line":13,"column":2},"end":{"line":13,"column":20}},"4":{"start":{"line":14,"column":2},"end":{"line":14,"column":10}},"5":{"start":{"line":15,"column":2},"end":{"line":15,"column":9}},"6":{"start":{"line":16,"column":2},"end":{"line":16,"column":7}},"7":{"start":{"line":17,"column":2},"end":{"line":17,"column":20}},"8":{"start":{"line":18,"column":2},"end":{"line":18,"column":21}},"9":{"start":{"line":19,"column":2},"end":{"line":19,"column":15}},"10":{"start":{"line":20,"column":2},"end":{"line":20,"column":16}},"11":{"start":{"line":22,"column":2},"end":{"line":22,"column":58}},"12":{"start":{"line":25,"column":2},"end":{"line":25,"column":36}},"13":{"start":{"line":27,"column":2},"end":{"line":27,"column":60}},"14":{"start":{"line":28,"column":2},"end":{"line":28,"column":48}},"15":{"start":{"line":29,"column":2},"end":{"line":29,"column":50}},"16":{"start":{"line":30,"column":2},"end":{"line":50,"column":3}},"17":{"start":{"line":31,"column":4},"end":{"line":31,"column":17}},"18":{"start":{"line":34,"column":4},"end":{"line":36,"column":5
[...]
is pressed caps lock will no longer","    // trigger the event.  shift+a will though.","    if (!e.shiftKey) {","      character = character.toLowerCase()","    }","","    return character","  }","","  // for non keypress events the special maps are needed","  if (SPECIAL_KEYS_MAP[e.which]) {","    return SPECIAL_KEYS_MAP[e.which]","  }","","  if (SPECIAL_CHARACTERS_MAP[e.which]) {","    return SPECIAL_CHARACTERS_MAP[e.which]","  }","","  // if it is not in the special map","","  // with keydown and keyup events the character seems to always","  // come in as an uppercase character whether you are pressing shift","  // or not.  we should make sure it is always lowercase for comparisons","  return String.fromCharCode(e.which).toLowerCase()","}",""],"l":{"10":1,"11":0,"13":0,"14":0,"17":0,"18":0,"29":0,"30":0,"33":0,"37":0,"38":0,"41":0,"42":0,"50":0}},"/home/travis/build/npmtest/node-npmtest-combokeys/node_modules/combokeys/helpers/eventModifiers.js":{"path":"/home/travis/build/npmtest/node-npmtest-combokeys/node_modules/combokeys/helpers/eventModifiers.js","s":{"1":1,"2":0,"3":0,"4":0,"5":0,"6":0,"7":0,"8":0,"9":0,"10":0,"11":0},"b":{"1":[0,0],"2":[0,0],"3":[0,0],"4":[0,0]},"f":{"1":0},"fnMap":{"1":{"name":"(anonymous_1)","line":10,"loc":{"start":{"line":10,"column":17},"end":{"line":10,"column":30}}}},"statementMap":{"1":{"start":{"line":10,"column":0},"end":{"line":30,"column":1}},"2":{"start":{"line":11,"column":2},"end":{"line":11,"column":20}},"3":{"start":{"line":13,"column":2},"end":{"line":15,"column":3}},"4":{"start":{"line":14,"column":4},"end":{"line":14,"column":27}},"5":{"start":{"line":17,"column":2},"end":{"line":19,"column":3}},"6":{"start":{"line":18,"column":4},"end":{"line":18,"column":25}},"7":{"start":{"line":21,"column":2},"end":{"line":23,"column":3}},"8":{"start":{"line":22,"column":4},"end":{"line":22,"column":26}},"9":{"start":{"line":25,"column":2},"end":{"line":27,"column":3}},"10":{"start":{"line":26,"column":4},"end":{"line":26,"column":26}},"11":{"start":{"line":29,"column":2},"end":{"line":29,"column":18}}},"branchMap":{"1":{"line":13,"type":"if","locations":[{"start":{"line":13,"column":2},"end":{"line":13,"column":2}},{"start":{"line":13,"column":2},"end":{"line":13,"column":2}}]},"2":{"line":17,"type":"if","locations":[{"start":{"line":17,"column":2},"end":{"line":17,"column":2}},{"start":{"line":17,"column":2},"end":{"line":17,"column":2}}]},"3":{"line":21,"type":"if","locations":[{"start":{"line":21,"column":2},"end":{"line":21,"column":2}},{"start":{"line":21,"column":2},"end":{"line":21,"column":2}}]},"4":{"line":25,"type":"if","locations":[{"start":{"line":25,"column":2},"end":{"line":25,"column":2}},{"start":{"line":25,"column":2},"end":{"line":25,"column":2}}]}},"code":["/* eslint-env node, browser */","'use strict'","","/**"," * takes a key event and figures out what the modifiers are"," *"," * @param {Event} e"," * @returns {Array}"," */","module.exports = function (e) {","  var modifiers = []","","  if (e.shiftKey) {","    modifiers.push('shift')","  }","","  if (e.altKey) {","    modifiers.push('alt')","  }","","  if (e.ctrlKey) {","    modifiers.push('ctrl')","  }","","  if (e.metaKey) {","    modifiers.push('meta')","  }","","  return modifiers","}",""],"l":{"10":1,"11":0,"13":0,"14":0,"17":0,"18":0,"21":0,"22":0,"25":0,"26":0,"29":0}},"/home/travis/build/npmtest/node-npmtest-combokeys/node_modules/combokeys/helpers/isModifier.js":{"path":"/home/travis/build/npmtest/node-npmtest-combokeys/node_modules/combokeys/helpers/isModifier.js","s":{"1":1,"2":0},"b":{"1":[0,0,0,0]},"f":{"1":0},"fnMap":{"1":{"name":"(anonymous_1)","line":10,"loc":{"start":{"line":10,"column":17},"end":{"line":10,"column":32}}}},"statementMap":{"1":{"start":{"line":10,"column":0},"end":{"line":12,"column":1}},"2":{"start":{"line":11,"column":2},"end":{"line":11,"column":77}}},"branchMap":{"1":{"line":11,"type":"binary-expr","locations":[{"start":{"line":11,"column":9},"end":{"line":11,"column":24}},{"start":{"line":11,"column":28},"end":{"line":11,"column":42}},{"start":{"line":11,"column":46},"end":{"line":11,"column":59}},{"start":{"line":11,"column":63},"end":{"line":11,"column":77}}]}},"code":["/* eslint-env node, browser */","'use strict'","","/**"," * determines if the keycode specified is a modifier key or not"," *"," * @param {string} key"," * @returns {boolean}"," */","module.exports = function (key) {","  return key === 'shift' || key === 'ctrl' || key === 'alt' || key === 'meta'","}",""],"l":{"10":1,"11":0}},"/home/travis/build/npmtest/node-npmtest-combokeys/node_modules/combokeys/helpers/keysFromString.js":{"path":"/home/travis/build/npmtest/node-npmtest-combokeys/node_modules/combokeys/helpers/keysFromString.js","s":{"1":1,"2":0,"3":0,"4":0},"b":{"1":[0,0]},"f":{"1":0},"fnMap":{"1":{"name":"(anonymous_1)","line":10,"loc":{"start":{"line":10,"column":17},"end":{"line":10,"column":40}}}},"statementMap":{"1":{"start":{"line":10,"column":0},"end":{"line":16,"column":1}},"2":{"start":{"line":11,"column":2},"end":{"line":13,"column":3}},"3":{"start":{"line":12,"column":4},"end":{"line":12,"column":16}},"4":{"start":{"line":15,"column":2},"end":{"line":15,"column":31}}},"branchMap":{"1":{"line":11,"type":"if","locations":[{"start":{"line":11,"column":2},"end":{"line":11,"column":2}},{"start":{"line":11,"column":2},"end":{"line":11,"column":2}}]}},"code":["/* eslint-env node, browser */","'use strict'","","/**"," * Converts from a string key combination to an array"," *"," * @param  {string} combination like \"command+shift+l\""," * @return {Array}"," */","module.exports = function (combination) {","  if (combination === '+') {","    return ['+']","  }","","  return combination.split('+')","}",""],"l":{"10":1,"11":0,"12":0,"15":0}},"/home/travis/build/npmtest/node-npmtest-combokeys/node_modules/combokeys/helpers/preventDefault.js":{"path":"/home/travis/build/npmtest/node-npmtest-combokeys/node_modules/combokeys/helpers/preventDefault.js","s":{"1":1,"2":0,"3":0,"4":0,"5":0},"b":{"1":[0,0]},"f":{"1":0},"fnMap":{"1":{"name":"(anonymous_1)","line":10,"loc":{"start":{"line":10,"column":17},"end":{"line":10,"column":30}}}},"statementMap":{"1":{"start":{"line":10,"column":0},"end":{"line":17,"column":1}},"2":{"start":{"line":11,"column":2},"end":{"line":14,"column":3}},"3":{"start":{"line":12,"column":4},"end":{"line":12,"column":22}},"4":{"start":{"line":13,"column":4},"end":{"line":13,"column":10}},"5":{"start":{"line":16,"column":2},"end":{"line":16,"column":23}}},"branchMap":{"1":{"line":11,"type":"if","locations":[{"start":{"line":11,"column":2},"end":{"line":11,"column":2}},{"start":{"line":11,"column":2},"end":{"line":11,"column":2}}]}},"code":["/* eslint-env node, browser */","'use strict'","","/**"," * prevents default for this event"," *"," * @param {Event} e"," * @returns void"," */","module.exports = function (e) {","  if (e.preventDefault) {","    e.preventDefault()","    return","  }","","  e.returnValue = false","}",""],"l":{"10":1,"11":0,"12":0,"13":0,"16":0}},"/home/travis/build/npmtest/node-npmtest-combokeys/node_modules/combokeys/helpers/shift-map.js":{"path":"/home/travis/build/npmtest/node-npmtest-combokeys/node_modules/combokeys/helpers/shift-map.js","s":{"1":1},"b":{},"f":{},"fnMap":{},"statementMap":{"1":{"start":{"line":13,"column":0},"end":{"line":33,"column":1}}},"branchMap":{},"code":["/* eslint-env node, browser */","'use strict'","/**"," * this is a mapping of keys that require shift on a US keypad"," * back to the non shift equivelents"," *"," * this is so you can use keyup events with these keys"," *"," * note that this will only work reliably on US keyboards"," *"," * @type {Object}"," */","module.exports = {","  '~': '`',","  '!': '1',","  '@': '2',","  '#': '3',","  '$': '4',","  '%': '5',","  '^': '6',","  '&': '7',","  '*': '8',","  '(': '9',","  ')': '0',","  '_': '-',","  '+': '=',","  ':': ';',","  '\"': \"'\",","  '<': ',',","  '>': '.',","  '?': '/',","  '|': '\\\\'","}",""],"l":{"13":1}},"/home/travis/build/npmtest/node-npmtest-combokeys/node_modules/combokeys/helpers/special-aliases.js":{"path":"/home/travis/build/npmtest/node-npmtest-combokeys/node_modules/combokeys/helpers/special-aliases.js","s":{"1":2},"b":{"1":[0,0]},"f":{},"fnMap":{},"statementMap":{"1":{"start":{"line":9,"column":0},"end":{"line":15,"column":1}}},"branchMap":{"1":{"line":14,"type":"cond-expr","locations":[{"start":{"line":14,"column":59},"end":{"line":14,"column":65}},{"start":{"line":14,"column":68},"end":{"line":14,"column":74}}]}},"code":["/* eslint-env node, browser */","'use strict'","/**"," * this is a list of special strings you can use to map"," * to modifier keys when you specify your keyboard shortcuts"," *"," * @type {Object}"," */","module.exports = {","  'option': 'alt',","  'command': 'meta',","  'return': 'enter',","  'escape': 'esc',","  'mod': /Mac|iPod|iPhone|iPad/.test(navigator.platform) ? 'meta' : 'ctrl'","}",""],"l":{"9":2}},"/home/travis/build/npmtest/node-npmtest-combokeys/node_modules/combokeys/helpers/special-characters-map.js":{"path":"/home/travis/build/npmtest/node-npmtest-combokeys/node_modules/combokeys/helpers/special-characters-map.js","s":{"1":1},"b":{},"f":{},"fnMap":{},"statementMap":{"1":{"start":{"line":11,"column":0},"end":{"line":28,"column":1}}},"branchMap":{},"code":["/* eslint-env node, browser */","'use strict'","/**"," * mapping for special characters so they can support"," *"," * this dictionary is only used incase you want to bind a"," * keyup or keydown event to one of these keys"," *"," * @type {Object}"," */","module.exports = {","  106: '*',","  107: '+',","  109: '-',","  110: '.',","  111: '/',","  186: ';',","  187: '=',","  188: ',',","  189: '-',","  190: '.',","  191: '/',","  192: '`',","  219: '[',","  220: '\\\\',","  221: ']',","  222: \"'\"","}",""],"l":{"11":1}},"/home/travis/build/npmtest/node-npmtest-combokeys/node_modules/combokeys/helpers/special-keys-map.js":{"path":"/home/travis/build/npmtest/node-npmtest-combokeys/node_modules/combokeys/helpers/special-keys-map.js","s":{"1":1,"2":1,"3":19,"4":1,"5":10},"b":{},"f":{},"fnMap":{},"statementMap":{"1":{"start":{"line":12,"column":0},"end":{"line":37,"column":1}},"2":{"start":{"line":43,"column":0},"end":{"line":45,"column":1}},"3":{"start":{"line":44,"column":2},"end":{"line":44,"column":35}},"4":{"start":{"line":50,"column":0},"end":{"line":52,"column":1}},"5":{"start":{"line":51,"column":2},"end":{"line":51,"column":28}}},"branchMap":{},"code":["/* eslint-env node, browser */","'use strict'","/**"," * mapping of special keycodes to their corresponding keys"," *"," * everything in this dictionary cannot use keypress events"," * so it has to be here to map to the correct keycodes for"," * keyup/keydown events"," *"," * @type {Object}"," */","module.exports = {","  8: 'backspace',","  9: 'tab',","  13: 'enter',","  16: 'shift',","  17: 'ctrl',","  18: 'alt',","  20: 'capslock',","  27: 'esc',","  32: 'space',","  33: 'pageup',","  34: 'pagedown',","  35: 'end',","  36: 'home',","  37: 'left',","  38: 'up',","  39: 'right',","  40: 'down',","  45: 'ins',","  46: 'del',","  91: 'meta',","  93: 'meta',","  187: 'plus',","  189: 'minus',","  224: 'meta'","}","","/**"," * loop through the f keys, f1 to f19 and add them to the map"," * programatically"," */","for (var i = 1; i < 20; ++i) {","  module.exports[111 + i] = 'f' + i","}","","/**"," * loop through to map numbers on the numeric keypad"," */","for (i = 0; i <= 9; ++i) {","  module.exports[i + 96] = i","}",""],"l":{"12":1,"43":1,"44":19,"50":1,"51":10}},"/home/travis/build/npmtest/node-npmtest-combokeys/node_modules/combokeys/helpers/stopPropagation.js":{"path":"/home/travis/build/npmtest/node-npmtest-combokeys/node_modules/combokeys/helpers/stopPropagation.js","s":{"1":1,"2":0,"3":0,"4":0,"5":0},"b":{"1":[0,0]},"f":{"1":0},"fnMap":{"1":{"name":"(anonymous_1)","line":10,"loc":{"start":{"line":10,"column":17},"end":{"line":10,"column":30}}}},"statementMap":{"1":{"start":{"line":10,"column":0},"end":{"line":17,"column":1}},"2":{"start":{"line":11,"column":2},"end":{"line":14,"column":3}},"3":{"start":{"line":12,"column":4},"end":{"line":12,"column":23}},"4":{"start":{"line":13,"column":4},"end":{"line":13,"column":10}},"5":{"start":{"line":16,"column":2},"end":{"line":16,"column":23}}},"branchMap":{"1":{"line":11,"type":"if","locations":[{"start":{"line":11,"column":2},"end":{"line":11,"column":2}},{"start":{"line":11,"column":2},"end":{"line":11,"column":2}}]}},"code":["/* eslint-env node, browser */","'use strict'","","/**"," * stops propogation for this event"," *"," * @param {Event} e"," * @returns void"," */","module.exports = function (e) {","  if (e.stopPropagation) {","    e.stopPropagation()","    return","  }","","  e.cancelBubble = true","}",""],"l":{"10":1,"11":0,"12":0,"13":0,"16":0}},"/home/travis/build/npmtest/node-npmtest-combokeys/node_modules/combokeys/Combokeys/prototype/handleKeyEvent.js":{"path":"/home/travis/build/npmtest/node-npmtest-combokeys/node_modules/combokeys/Combokeys/prototype/handleKeyEvent.js","s":{"1":1,"2":0,"3":0,"4":0,"5":0,"6":0,"7":0,"8":0,"9":0,"10":0,"11":0,"12":0,"13":0,"14":0,"15":0},"b":{"1":[0,0],"2":[0,0],"3":[0,0],"4":[0,0]},"f":{"1":0},"fnMap":{"1":{"name":"(anonymous_1)","line":10,"loc":{"start":{"line":10,"column":17},"end":{"line":10,"column":30}}}},"statementMap":{"1":{"start":{"line":10,"column":0},"end":{"line":36,"column":1}},"2":{"start":{"line":11,"column":2},"end":{"line":11,"column":17}},"3":{"start":{"line":12,"column":2},"end":{"line":12,"column":24}},"4":{"start":{"line":13,"column":2},"end":{"line":13,"column":20}},"5":{"start":{"line":17,"column":2},"end":{"line":19,"column":3}},"6":{"start":{"line":18,"column":4},"end":{"line":18,"column":23}},"7":{"start":{"line":20,"column":2},"end":{"line":20,"column":66}},"8":{"start":{"line":21,"column":2},"end":{"line":21,"column":39}},"9":{"start":{"line":24,"column":2},"end":{"line":26,"column":3}},"10":{"start":{"line":25,"column":4},"end":{"line":25,"column":10}},"11":{"start":{"line":29,"column":2},"end":{"line":32,"column":3}},"12":{"start":{"line":30,"column":4},"end":{"line":30,"column":32}},"13":{"start":{"line":31,"column":4},"end":{"line":31,"column":10}},"14":{"start":{"line":34,"column":2},"end":{"line":34,"column":58}},"15":{"start":{"line":35,"column":2},"end":{"line":35,"column":49}}},"branchMap":{"1":{"line":17,"type":"if","locations":[{"start":{"line":17,"column":2},"end":{"line":17,"column":2}},{"start":{"line":17,"column":2},"end":{"line":17,"column":2}}]},"2":{"line":24,"type":"if","locations":[{"start":{"line":24,"column":2},"end":{"line":24,"column":2}},{"start":{"line":24,"column":2},"end":{"line":24,"column":2}}]},"3":{"line":29,"type":"if","locations":[{"start":{"line":29,"column":2},"end":{"line":29,"column":2}},{"start":{"line":29,"column":2},"end":{"line":29,"column":2}}]},"4":{"line":29,"type":"binary-expr","locations":[{"start":{"line":29,"column":6},"end":{"line":29,"column":24}},{"start":{"line":29,"column":28},"end":{"line":29,"column":62}}]}},"code":["/* eslint-env node, browser */","'use strict'","","/**"," * handles a keydown event"," *"," * @param {Event} e"," * @returns void"," */","module.exports = function (e) {","  var self = this","  var characterFromEvent","  var eventModifiers","","  // normalize e.which for key events","  // @see http://stackoverflow.com/questions/4285627/javascript-keycode-vs-charcode-utter-confusion","  if (typeof e.which !== 'number') {","    e.which = e.keyCode","  }","  characterFromEvent = require('../../helpers/characterFromEvent')","  var character = characterFromEvent(e)","","  // no character found then stop","  if (!character) {","    return","  }","","  // need to use === for the character check because the character can be 0","  if (e.type === 'keyup' && self.ignoreNextKeyup === character) {","    self.ignoreNextKeyup = false","    return","  }","","  eventModifiers = require('../../helpers/eventModifiers')","  self.handleKey(character, eventModifiers(e), e)","}",""],"l":{"10":1,"11":0,"12":0,"13":0,"17":0,"18":0,"20":0,"21":0,"24":0,"25":0,"29":0,"30":0,"31":0,"34":0,"35":0}},"/home/travis/build/npmtest/node-npmtest-combokeys/node_modules/combokeys/Combokeys/prototype/modifiersMatch.js":{"path":"/home/travis/build/npmtest/node-npmtest-combokeys/node_modules/combokeys/Combokeys/prototype/modifiersMatch.js","s":{"1":1,"2":0},"b":{},"f":{"1":0},"fnMap":{"1":{"name":"(anonymous_1)","line":11,"loc":{"start":{"line":11,"column":17},"end":{"line":11,"column":51}}}},"statementMap":{"1":{"start":{"line":11,"column":0},"end":{"line":13,"column":1}},"2":{"start":{"line":12,"column":2},"end":{"line":12,"column":68}}},"branchMap":{},"code":["/* eslint-env node, browser */","'use strict'","","/**"," * checks if two arrays are equal"," *"," * @param {Array} modifiers1"," * @param {Array} modifiers2"," * @returns {boolean}"," */","module.exports = function (modifiers1, modifiers2) {","  return modifiers1.sort().join(',') === modifiers2.sort().join(',')","}",""],"l":{"11":1,"12":0}},"/home/travis/build/npmtest/node-npmtest-combokeys/node_modules/combokeys/plugins/bind-dictionary/index.js":{"path":"/home/travis/build/npmtest/node-npmtest-combokeys/node_modules/combokeys/plugins/bind-dictionary/index.js","s":{"1":1,"2":0,"3":0,"4":0,"5":0,"6":0,"7":0,"8":0,"9":0,"10":0,"11":0},"b":{"1":[0,0],"2":[0,0],"3":[0,0]},"f":{"1":0,"2":0},"fnMap":{"1":{"name":"(anonymous_1)","line":18,"loc":{"start":{"line":18,"column":17},"end":{"line":18,"column":38}}},"2":{"name":"(anonymous_2)","line":22,"loc":{"start":{"line":22,"column":19},"end":{"line":22,"column":31}}}},"statementMap":{"1":{"start":{"line":18,"column":0},"end":{"line":39,"column":1}},"2":{"start":{"line":19,"column":2},"end":{"line":19,"column":30}},"3":{"start":{"line":20,"column":2},"end":{"line":20,"column":10}},"4":{"start":{"line":22,"column":2},"end":{"line":36,"column":3}},"5":{"start":{"line":23,"column":4},"end":{"line":23,"column":20}},"6":{"start":{"line":26,"column":4},"end":{"line":28,"column":5}},"7":{"start":{"line":27,"column":6},"end":{"line":27,"column":58}},"8":{"start":{"line":31,"column":4},"end":{"line":35,"column":5}},"9":{"start":{"line":32,"column":6},"end":{"line":34,"column":7}},"10":{"start":{"line":33,"column":8},"end":{"line":33,"column":54}},"11":{"start":{"line":38,"column":2},"end":{"line":38,"column":18}}},"branchMap":{"1":{"line":26,"type":"if","locations":[{"start":{"line":26,"column":4},"end":{"line":26,"column":4}},{"start":{"line":26,"column":4},"end":{"line":26,"column":4}}]},"2":{"line":26,"type":"binary-expr","locations":[{"start":{"line":26,"column":8},"end":{"line":26,"column":35}},{"start":{"line":26,"column":39},"end":{"line":26,"column":63}}]},"3":{"line":32,"type":"if","locations":[{"start":{"line":32,"column":6},"end":{"line":32,"column":6}},{"start":{"line":32,"column":6},"end":{"line":32,"column":6}}]}},"code":["/* eslint-env node, browser */","'use strict'","/**"," * Overwrites default Combokeys.bind method to optionally accept"," * an object to bind multiple key events in a single call"," *"," * You can pass it in like:"," *"," * Combokeys.bind({"," *     'a': function() { console.log('a'); },"," *     'b': function() { console.log('b'); }"," * })"," *"," * And can optionally pass in 'keypress', 'keydown', or 'keyup'"," * as a second argument"," *"," */","module.exports = function (Combokeys) {","  var oldBind = Combokeys.bind","  var args","","  Combokeys.bind = function () {","    args = arguments","","    // normal call","    if (typeof args[0] === 'string' || args[0] instanceof Array) {","      return oldBind.call(this, args[0], args[1], args[2])","    }","","    // object passed in","    for (var key in args[0]) {","      if (args[0].hasOwnProperty(key)) {","        oldBind.call(this, key, args[0][key], args[1])","      }","    }","  }","","  return Combokeys","}",""],"l":{"18":1,"19":0,"20":0,"22":0,"23":0,"26":0,"27":0,"31":0,"32":0,"33":0,"38":0}}}